Added Component: Designator=C1(C0603)
Add component. Clean all parameters for all variants
Add component (AddParameter): Name = "FarnellPN"; Value = ""; VariantName = "[No Variations]"
Add component (AddParameter): Name = "ManufacturerPN"; Value = ""; VariantName = "[No Variations]"
Add component (AddParameter): Name = "Value"; Value = "100nF"; VariantName = "[No Variations]"
Added Component: Designator=C2(C0603)
Add component. Clean all parameters for all variants
Add component (AddParameter): Name = "FarnellPN"; Value = ""; VariantName = "[No Variations]"
Add component (AddParameter): Name = "ManufacturerPN"; Value = ""; VariantName = "[No Variations]"
Add component (AddParameter): Name = "Value"; Value = "100nF"; VariantName = "[No Variations]"
Added Component: Designator=C3(C0603)
Add component. Clean all parameters for all variants
Add component (AddParameter): Name = "FarnellPN"; Value = ""; VariantName = "[No Variations]"
Add component (AddParameter): Name = "ManufacturerPN"; Value = ""; VariantName = "[No Variations]"
Add component (AddParameter): Name = "Value"; Value = "100nF"; VariantName = "[No Variations]"
Added Component: Designator=C4(C0603)
Add component. Clean all parameters for all variants
Add component (AddParameter): Name = "FarnellPN"; Value = ""; VariantName = "[No Variations]"
Add component (AddParameter): Name = "ManufacturerPN"; Value = ""; VariantName = "[No Variations]"
Add component (AddParameter): Name = "Value"; Value = "100nF"; VariantName = "[No Variations]"
Added Component: Designator=C5(C0603)
Add component. Clean all parameters for all variants
Add component (AddParameter): Name = "FarnellPN"; Value = ""; VariantName = "[No Variations]"
Add component (AddParameter): Name = "ManufacturerPN"; Value = ""; VariantName = "[No Variations]"
Add component (AddParameter): Name = "Value"; Value = "100nF"; VariantName = "[No Variations]"
Added Component: Designator=C6(C0603)
Add component. Clean all parameters for all variants
Add component (AddParameter): Name = "FarnellPN"; Value = ""; VariantName = "[No Variations]"
Add component (AddParameter): Name = "ManufacturerPN"; Value = ""; VariantName = "[No Variations]"
Add component (AddParameter): Name = "Value"; Value = "100nF"; VariantName = "[No Variations]"
Added Component: Designator=D1(LED 0603)
Add component. Clean all parameters for all variants
Add component (AddParameter): Name = "FarnellPN"; Value = ""; VariantName = "[No Variations]"
Add component (AddParameter): Name = "ManufacturerPN"; Value = ""; VariantName = "[No Variations]"
Added Component: Designator=D2(LED 0603)
Add component. Clean all parameters for all variants
Add component (AddParameter): Name = "FarnellPN"; Value = ""; VariantName = "[No Variations]"
Add component (AddParameter): Name = "ManufacturerPN"; Value = ""; VariantName = "[No Variations]"
Added Component: Designator=L1(C0805)
Add component. Clean all parameters for all variants
Add component (AddParameter): Name = "FarnellPN"; Value = ""; VariantName = "[No Variations]"
Add component (AddParameter): Name = "ManufacturerPN"; Value = ""; VariantName = "[No Variations]"
Add component (AddParameter): Name = "VALUE"; Value = "1uH"; VariantName = "[No Variations]"
Added Component: Designator=L2(C0805)
Add component. Clean all parameters for all variants
Add component (AddParameter): Name = "FarnellPN"; Value = ""; VariantName = "[No Variations]"
Add component (AddParameter): Name = "ManufacturerPN"; Value = ""; VariantName = "[No Variations]"
Add component (AddParameter): Name = "VALUE"; Value = "1uH"; VariantName = "[No Variations]"
Added Component: Designator=Q1(XTAL1)
Add component. Clean all parameters for all variants
Add component (AddParameter): Name = "FarnellPN"; Value = ""; VariantName = "[No Variations]"
Add component (AddParameter): Name = "ManufacturerPN"; Value = ""; VariantName = "[No Variations]"
Add component (AddParameter): Name = "Value"; Value = "16MHz"; VariantName = "[No Variations]"
Added Component: Designator=R1(R 0603)
Add component. Clean all parameters for all variants
Add component (AddParameter): Name = "FarnellPN"; Value = ""; VariantName = "[No Variations]"
Add component (AddParameter): Name = "ManufacturerPN"; Value = ""; VariantName = "[No Variations]"
Add component (AddParameter): Name = "Value"; Value = "1k"; VariantName = "[No Variations]"
Added Component: Designator=R2(R 0603)
Add component. Clean all parameters for all variants
Add component (AddParameter): Name = "FarnellPN"; Value = ""; VariantName = "[No Variations]"
Add component (AddParameter): Name = "ManufacturerPN"; Value = ""; VariantName = "[No Variations]"
Add component (AddParameter): Name = "Value"; Value = "1k"; VariantName = "[No Variations]"
Added Component: Designator=R3(R 0603)
Add component. Clean all parameters for all variants
Add component (AddParameter): Name = "FarnellPN"; Value = ""; VariantName = "[No Variations]"
Add component (AddParameter): Name = "ManufacturerPN"; Value = ""; VariantName = "[No Variations]"
Add component (AddParameter): Name = "Value"; Value = "1k"; VariantName = "[No Variations]"
Added Component: Designator=R4(R 0603)
Add component. Clean all parameters for all variants
Add component (AddParameter): Name = "FarnellPN"; Value = ""; VariantName = "[No Variations]"
Add component (AddParameter): Name = "ManufacturerPN"; Value = ""; VariantName = "[No Variations]"
Add component (AddParameter): Name = "Value"; Value = "1k"; VariantName = "[No Variations]"
Added Component: Designator=U1(LQFP64-STM32F303)
Add component. Clean all parameters for all variants
Added Pin To Net: NetName=+5 Pin=C3-2
Added Pin To Net: NetName=+5 Pin=C5-2
Added Pin To Net: NetName=+5 Pin=R2-2
Added Pin To Net: NetName=+5 Pin=R4-2
Added Net: Name=+5
Added Pin To Net: NetName=GND Pin=C1-1
Added Pin To Net: NetName=GND Pin=C2-1
Added Pin To Net: NetName=GND Pin=C3-1
Added Pin To Net: NetName=GND Pin=C4-1
Added Pin To Net: NetName=GND Pin=C5-1
Added Pin To Net: NetName=GND Pin=C6-1
Added Pin To Net: NetName=GND Pin=D1-2
Added Pin To Net: NetName=GND Pin=R2-1
Added Pin To Net: NetName=GND Pin=R4-1
Added Pin To Net: NetName=GND Pin=U1-60
Added Net: Name=GND
Added Pin To Net: NetName=NetC1_2 Pin=C1-2
Added Pin To Net: NetName=NetC1_2 Pin=Q1-1
Added Pin To Net: NetName=NetC1_2 Pin=U1-6
Added Net: Name=NetC1_2
Added Pin To Net: NetName=NetC2_2 Pin=C2-2
Added Pin To Net: NetName=NetC2_2 Pin=Q1-2
Added Pin To Net: NetName=NetC2_2 Pin=U1-5
Added Net: Name=NetC2_2
Added Pin To Net: NetName=NetD1_1 Pin=D1-1
Added Pin To Net: NetName=NetD1_1 Pin=R1-1
Added Net: Name=NetD1_1
Added Pin To Net: NetName=NetL1_1 Pin=L1-1
Added Net: Name=NetL1_1
Added Pin To Net: NetName=NetL2_1 Pin=L2-1
Added Net: Name=NetL2_1
Added Pin To Net: NetName=VCC Pin=C4-2
Added Pin To Net: NetName=VCC Pin=C6-2
Added Pin To Net: NetName=VCC Pin=L1-2
Added Pin To Net: NetName=VCC Pin=L2-2
Added Pin To Net: NetName=VCC Pin=R1-2
Added Pin To Net: NetName=VCC Pin=U1-1
Added Pin To Net: NetName=VCC Pin=U1-12
Added Pin To Net: NetName=VCC Pin=U1-13
Added Pin To Net: NetName=VCC Pin=U1-18
Added Pin To Net: NetName=VCC Pin=U1-19
Added Pin To Net: NetName=VCC Pin=U1-31
Added Pin To Net: NetName=VCC Pin=U1-32
Added Pin To Net: NetName=VCC Pin=U1-47
Added Pin To Net: NetName=VCC Pin=U1-48
Added Pin To Net: NetName=VCC Pin=U1-63
Added Pin To Net: NetName=VCC Pin=U1-64
Added Net: Name=VCC
Added Class: Name=Droon_REV3
Added Class: Name=Power 3V3
Added Class: Name=Power 5V
Added Room: Name=Droon_REV3
Added Room: Name=Power 3V3
Added Room: Name=Power 5V
