Removed Pin From Net: NetName=+5 Pin=C5-2
Removed Pin From Net: NetName=VCC Pin=C6-2
Removed Pin From Net: NetName=VCC Pin=L2-2
Removed Pin From Net: NetName=GND Pin=R4-1
Removed Pin From Net: NetName=+5 Pin=R4-2
Removed Pin From Net: NetName=VCC Pin=U1-12
Removed Pin From Net: NetName=VCC Pin=U1-18
Removed Pin From Net: NetName=VCC Pin=U1-31
Removed Pin From Net: NetName=VCC Pin=U1-47
Removed Pin From Net: NetName=VCC Pin=U1-63
Removed Member From Class: ClassName=Power 5V Member=R4
Added Component: Designator=D3(Schottky Rectifier diode)
Add component. Clean all parameters for all variants
Add component (AddParameter): Name = "FarnellPN"; Value = ""; VariantName = "[No Variations]"
Add component (AddParameter): Name = "ManufacturerPN"; Value = ""; VariantName = "[No Variations]"
Added Component: Designator=J1(Header 1x2 2.54mm)
Add component. Clean all parameters for all variants
Added Component: Designator=J2(Header 1x2 2.54mm)
Add component. Clean all parameters for all variants
Added Component: Designator=J3(POWER SWITCH)
Add component. Clean all parameters for all variants
Add component (AddParameter): Name = "Supplier 1"; Value = "Farnell"; VariantName = "[No Variations]"
Added Component: Designator=U3(5V 3A REG)
Add component. Clean all parameters for all variants
Add component (AddParameter): Name = "Case/Package"; Value = "TO-263"; VariantName = "[No Variations]"
Add component (AddParameter): Name = "ComponentLink1Description"; Value = "http://components.arrow.com/part/dataview/41722529S2342416N1374?src-supplier=Arrow"; VariantName = "[No Variations]"
Add component (AddParameter): Name = "ComponentLink1URL"; Value = "http://components.arrow.com/part/dataview/41722529S2342416N1374?src-supplier=Arrow"; VariantName = "[No Variations]"
Add component (AddParameter): Name = "ComponentLink2Description"; Value = "http://www.micrel.com/_PDF/lm2576.pdf?src-supplier=Future+Electronics"; VariantName = "[No Variations]"
Add component (AddParameter): Name = "ComponentLink2URL"; Value = "http://www.micrel.com/_PDF/lm2576.pdf?src-supplier=Future+Electronics"; VariantName = "[No Variations]"
Add component (AddParameter): Name = "ComponentLink3Description"; Value = "http://www.microchip.com/mymicrochip/filehandler.aspx?ddocname=en579007&src-supplier=Digi-Key"; VariantName = "[No Variations]"
Add component (AddParameter): Name = "ComponentLink3URL"; Value = "http://www.microchip.com/mymicrochip/filehandler.aspx?ddocname=en579007&src-supplier=Digi-Key"; VariantName = "[No Variations]"
Add component (AddParameter): Name = "ComponentLink4Description"; Value = "https://www.verical.com/server-webapp/html/getDatasheet?partID=716600&src-supplier=Verical"; VariantName = "[No Variations]"
Add component (AddParameter): Name = "ComponentLink4URL"; Value = "https://www.verical.com/server-webapp/html/getDatasheet?partID=716600&src-supplier=Verical"; VariantName = "[No Variations]"
Add component (AddParameter): Name = "Efficiency"; Value = "82%"; VariantName = "[No Variations]"
Add component (AddParameter): Name = "Height"; Value = "4.59mm"; VariantName = "[No Variations]"
Add component (AddParameter): Name = "Lead Free"; Value = "Lead Free"; VariantName = "[No Variations]"
Add component (AddParameter): Name = "Length"; Value = "10.67mm"; VariantName = "[No Variations]"
Add component (AddParameter): Name = "Manufacturer"; Value = "Microchip Micrel"; VariantName = "[No Variations]"
Add component (AddParameter): Name = "Manufacturer Part Number"; Value = "LM2576-5.0WU"; VariantName = "[No Variations]"
Add component (AddParameter): Name = "Max Input Voltage"; Value = "40V"; VariantName = "[No Variations]"
Add component (AddParameter): Name = "Max Operating Temperature"; Value = "85°C"; VariantName = "[No Variations]"
Add component (AddParameter): Name = "Max Output Current"; Value = "3A"; VariantName = "[No Variations]"
Add component (AddParameter): Name = "Min Input Voltage"; Value = "4V"; VariantName = "[No Variations]"
Add component (AddParameter): Name = "Min Operating Temperature"; Value = "-40°C"; VariantName = "[No Variations]"
Add component (AddParameter): Name = "Min Output Voltage"; Value = "5V"; VariantName = "[No Variations]"
Add component (AddParameter): Name = "Mount"; Value = "Surface Mount"; VariantName = "[No Variations]"
Add component (AddParameter): Name = "Nominal Output Voltage"; Value = "5V"; VariantName = "[No Variations]"
Add component (AddParameter): Name = "Number of Outputs"; Value = "1"; VariantName = "[No Variations]"
Add component (AddParameter): Name = "Number of Pins"; Value = "5"; VariantName = "[No Variations]"
Add component (AddParameter): Name = "Output Configuration"; Value = "Positive"; VariantName = "[No Variations]"
Add component (AddParameter): Name = "Output Current"; Value = "3A"; VariantName = "[No Variations]"
Add component (AddParameter): Name = "Output Type"; Value = "Fixed"; VariantName = "[No Variations]"
Add component (AddParameter): Name = "Output Voltage"; Value = "5V"; VariantName = "[No Variations]"
Add component (AddParameter): Name = "Package Quantity"; Value = "50"; VariantName = "[No Variations]"
Add component (AddParameter): Name = "Packaging"; Value = "Bulk"; VariantName = "[No Variations]"
Add component (AddParameter): Name = "Radiation Hardening"; Value = "No"; VariantName = "[No Variations]"
Add component (AddParameter): Name = "REACH SVHC"; Value = "No SVHC"; VariantName = "[No Variations]"
Add component (AddParameter): Name = "Stock 1"; Value = "0"; VariantName = "[No Variations]"
Add component (AddParameter): Name = "Supplier 1"; Value = "Farnell"; VariantName = "[No Variations]"
Add component (AddParameter): Name = "Supplier Part Number 1"; Value = "2100269"; VariantName = "[No Variations]"
Add component (AddParameter): Name = "Switching Frequency"; Value = "52kHz"; VariantName = "[No Variations]"
Add component (AddParameter): Name = "Synchronous Rectifier"; Value = "No"; VariantName = "[No Variations]"
Add component (AddParameter): Name = "Width"; Value = "9.17mm"; VariantName = "[No Variations]"
Added Pin To Net: NetName=+5 Pin=C6-2
Added Pin To Net: NetName=GND Pin=D2-2
Added Pin To Net: NetName=GND Pin=D3-2
Added Pin To Net: NetName=GND Pin=J1-1
Added Pin To Net: NetName=GND Pin=J2-1
Added Pin To Net: NetName=GND Pin=J3-4
Added Pin To Net: NetName=GND Pin=J3-4
Added Pin To Net: NetName=+5 Pin=L2-2
Added Pin To Net: NetName=+5 Pin=R3-1
Added Pin To Net: NetName=GND Pin=U1-18
Added Pin To Net: NetName=GND Pin=U1-31
Added Pin To Net: NetName=GND Pin=U1-47
Added Pin To Net: NetName=GND Pin=U1-63
Added Pin To Net: NetName=GND Pin=U3-3
Added Pin To Net: NetName=+5 Pin=U3-4
Added Pin To Net: NetName=GND Pin=U3-5
Added Pin To Net: NetName=NetC5_2 Pin=C5-2
Added Pin To Net: NetName=NetC5_2 Pin=J3-3
Added Pin To Net: NetName=NetC5_2 Pin=J3-3
Added Pin To Net: NetName=NetC5_2 Pin=U3-1
Added Net: Name=NetC5_2
Added Pin To Net: NetName=NetD2_1 Pin=D2-1
Added Pin To Net: NetName=NetD2_1 Pin=R3-2
Added Net: Name=NetD2_1
Added Pin To Net: NetName=NetD3_1 Pin=D3-1
Added Pin To Net: NetName=NetD3_1 Pin=L2-1
Added Pin To Net: NetName=NetD3_1 Pin=U3-2
Added Net: Name=NetD3_1
Added Pin To Net: NetName=NetJ1_2 Pin=J1-2
Added Pin To Net: NetName=NetJ1_2 Pin=J2-2
Added Pin To Net: NetName=NetJ1_2 Pin=J3-2
Added Pin To Net: NetName=NetJ1_2 Pin=J3-2
Added Net: Name=NetJ1_2
Added Member To Class: ClassName=Power 5V Member=Component D3 *
Added Member To Class: ClassName=Power 5V Member=Component J1 2x1 Header
Added Member To Class: ClassName=Power 5V Member=Component J2 2x1 Header
Added Member To Class: ClassName=Power 5V Member=Component J3 Power Switch
Added Member To Class: ClassName=Power 5V Member=Component U3 LM2576-5.0WU
