ARM GAS  /tmp/ccZ1PmqC.s 			page 1


   1              		.cpu cortex-m4
   2              		.eabi_attribute 27, 1
   3              		.eabi_attribute 28, 1
   4              		.eabi_attribute 20, 1
   5              		.eabi_attribute 21, 1
   6              		.eabi_attribute 23, 3
   7              		.eabi_attribute 24, 1
   8              		.eabi_attribute 25, 1
   9              		.eabi_attribute 26, 1
  10              		.eabi_attribute 30, 1
  11              		.eabi_attribute 34, 1
  12              		.eabi_attribute 18, 4
  13              		.file	"gpio.c"
  14              		.text
  15              	.Ltext0:
  16              		.cfi_sections	.debug_frame
  17              		.section	.text.MX_GPIO_Init,"ax",%progbits
  18              		.align	1
  19              		.global	MX_GPIO_Init
  20              		.arch armv7e-m
  21              		.syntax unified
  22              		.thumb
  23              		.thumb_func
  24              		.fpu fpv4-sp-d16
  26              	MX_GPIO_Init:
  27              	.LFB126:
  28              		.file 1 "Src/gpio.c"
   1:Src/gpio.c    **** /**
   2:Src/gpio.c    ****   ******************************************************************************
   3:Src/gpio.c    ****   * File Name          : gpio.c
   4:Src/gpio.c    ****   * Description        : This file provides code for the configuration
   5:Src/gpio.c    ****   *                      of all used GPIO pins.
   6:Src/gpio.c    ****   ******************************************************************************
   7:Src/gpio.c    ****   ** This notice applies to any and all portions of this file
   8:Src/gpio.c    ****   * that are not between comment pairs USER CODE BEGIN and
   9:Src/gpio.c    ****   * USER CODE END. Other portions of this file, whether 
  10:Src/gpio.c    ****   * inserted by the user or by software development tools
  11:Src/gpio.c    ****   * are owned by their respective copyright owners.
  12:Src/gpio.c    ****   *
  13:Src/gpio.c    ****   * COPYRIGHT(c) 2019 STMicroelectronics
  14:Src/gpio.c    ****   *
  15:Src/gpio.c    ****   * Redistribution and use in source and binary forms, with or without modification,
  16:Src/gpio.c    ****   * are permitted provided that the following conditions are met:
  17:Src/gpio.c    ****   *   1. Redistributions of source code must retain the above copyright notice,
  18:Src/gpio.c    ****   *      this list of conditions and the following disclaimer.
  19:Src/gpio.c    ****   *   2. Redistributions in binary form must reproduce the above copyright notice,
  20:Src/gpio.c    ****   *      this list of conditions and the following disclaimer in the documentation
  21:Src/gpio.c    ****   *      and/or other materials provided with the distribution.
  22:Src/gpio.c    ****   *   3. Neither the name of STMicroelectronics nor the names of its contributors
  23:Src/gpio.c    ****   *      may be used to endorse or promote products derived from this software
  24:Src/gpio.c    ****   *      without specific prior written permission.
  25:Src/gpio.c    ****   *
  26:Src/gpio.c    ****   * THIS SOFTWARE IS PROVIDED BY THE COPYRIGHT HOLDERS AND CONTRIBUTORS "AS IS"
  27:Src/gpio.c    ****   * AND ANY EXPRESS OR IMPLIED WARRANTIES, INCLUDING, BUT NOT LIMITED TO, THE
  28:Src/gpio.c    ****   * IMPLIED WARRANTIES OF MERCHANTABILITY AND FITNESS FOR A PARTICULAR PURPOSE ARE
  29:Src/gpio.c    ****   * DISCLAIMED. IN NO EVENT SHALL THE COPYRIGHT HOLDER OR CONTRIBUTORS BE LIABLE
  30:Src/gpio.c    ****   * FOR ANY DIRECT, INDIRECT, INCIDENTAL, SPECIAL, EXEMPLARY, OR CONSEQUENTIAL
ARM GAS  /tmp/ccZ1PmqC.s 			page 2


  31:Src/gpio.c    ****   * DAMAGES (INCLUDING, BUT NOT LIMITED TO, PROCUREMENT OF SUBSTITUTE GOODS OR
  32:Src/gpio.c    ****   * SERVICES; LOSS OF USE, DATA, OR PROFITS; OR BUSINESS INTERRUPTION) HOWEVER
  33:Src/gpio.c    ****   * CAUSED AND ON ANY THEORY OF LIABILITY, WHETHER IN CONTRACT, STRICT LIABILITY,
  34:Src/gpio.c    ****   * OR TORT (INCLUDING NEGLIGENCE OR OTHERWISE) ARISING IN ANY WAY OUT OF THE USE
  35:Src/gpio.c    ****   * OF THIS SOFTWARE, EVEN IF ADVISED OF THE POSSIBILITY OF SUCH DAMAGE.
  36:Src/gpio.c    ****   *
  37:Src/gpio.c    ****   ******************************************************************************
  38:Src/gpio.c    ****   */
  39:Src/gpio.c    **** 
  40:Src/gpio.c    **** /* Includes ------------------------------------------------------------------*/
  41:Src/gpio.c    **** #include "gpio.h"
  42:Src/gpio.c    **** /* USER CODE BEGIN 0 */
  43:Src/gpio.c    **** 
  44:Src/gpio.c    **** /* USER CODE END 0 */
  45:Src/gpio.c    **** 
  46:Src/gpio.c    **** /*----------------------------------------------------------------------------*/
  47:Src/gpio.c    **** /* Configure GPIO                                                             */
  48:Src/gpio.c    **** /*----------------------------------------------------------------------------*/
  49:Src/gpio.c    **** /* USER CODE BEGIN 1 */
  50:Src/gpio.c    **** 
  51:Src/gpio.c    **** /* USER CODE END 1 */
  52:Src/gpio.c    **** 
  53:Src/gpio.c    **** /** Configure pins as 
  54:Src/gpio.c    ****         * Analog 
  55:Src/gpio.c    ****         * Input 
  56:Src/gpio.c    ****         * Output
  57:Src/gpio.c    ****         * EVENT_OUT
  58:Src/gpio.c    ****         * EXTI
  59:Src/gpio.c    **** */
  60:Src/gpio.c    **** void MX_GPIO_Init(void)
  61:Src/gpio.c    **** {
  29              		.loc 1 61 1 view -0
  30              		.cfi_startproc
  31              		@ args = 0, pretend = 0, frame = 40
  32              		@ frame_needed = 0, uses_anonymous_args = 0
  33 0000 30B5     		push	{r4, r5, lr}
  34              	.LCFI0:
  35              		.cfi_def_cfa_offset 12
  36              		.cfi_offset 4, -12
  37              		.cfi_offset 5, -8
  38              		.cfi_offset 14, -4
  39 0002 8BB0     		sub	sp, sp, #44
  40              	.LCFI1:
  41              		.cfi_def_cfa_offset 56
  62:Src/gpio.c    **** 
  63:Src/gpio.c    ****   GPIO_InitTypeDef GPIO_InitStruct = {0};
  42              		.loc 1 63 3 view .LVU1
  43              		.loc 1 63 20 is_stmt 0 view .LVU2
  44 0004 0024     		movs	r4, #0
  45 0006 0594     		str	r4, [sp, #20]
  46 0008 0694     		str	r4, [sp, #24]
  47 000a 0794     		str	r4, [sp, #28]
  48 000c 0894     		str	r4, [sp, #32]
  49 000e 0994     		str	r4, [sp, #36]
  64:Src/gpio.c    **** 
  65:Src/gpio.c    ****   /* GPIO Ports Clock Enable */
  66:Src/gpio.c    ****   __HAL_RCC_GPIOF_CLK_ENABLE();
ARM GAS  /tmp/ccZ1PmqC.s 			page 3


  50              		.loc 1 66 3 is_stmt 1 view .LVU3
  51              	.LBB2:
  52              		.loc 1 66 3 view .LVU4
  53              		.loc 1 66 3 view .LVU5
  54 0010 204B     		ldr	r3, .L3
  55 0012 5A69     		ldr	r2, [r3, #20]
  56 0014 42F48002 		orr	r2, r2, #4194304
  57 0018 5A61     		str	r2, [r3, #20]
  58              		.loc 1 66 3 view .LVU6
  59 001a 5A69     		ldr	r2, [r3, #20]
  60 001c 02F48002 		and	r2, r2, #4194304
  61 0020 0092     		str	r2, [sp]
  62              		.loc 1 66 3 view .LVU7
  63 0022 009A     		ldr	r2, [sp]
  64              	.LBE2:
  65              		.loc 1 66 3 view .LVU8
  67:Src/gpio.c    ****   __HAL_RCC_GPIOA_CLK_ENABLE();
  66              		.loc 1 67 3 view .LVU9
  67              	.LBB3:
  68              		.loc 1 67 3 view .LVU10
  69              		.loc 1 67 3 view .LVU11
  70 0024 5A69     		ldr	r2, [r3, #20]
  71 0026 42F40032 		orr	r2, r2, #131072
  72 002a 5A61     		str	r2, [r3, #20]
  73              		.loc 1 67 3 view .LVU12
  74 002c 5A69     		ldr	r2, [r3, #20]
  75 002e 02F40032 		and	r2, r2, #131072
  76 0032 0192     		str	r2, [sp, #4]
  77              		.loc 1 67 3 view .LVU13
  78 0034 019A     		ldr	r2, [sp, #4]
  79              	.LBE3:
  80              		.loc 1 67 3 view .LVU14
  68:Src/gpio.c    ****   __HAL_RCC_GPIOC_CLK_ENABLE();
  81              		.loc 1 68 3 view .LVU15
  82              	.LBB4:
  83              		.loc 1 68 3 view .LVU16
  84              		.loc 1 68 3 view .LVU17
  85 0036 5A69     		ldr	r2, [r3, #20]
  86 0038 42F40022 		orr	r2, r2, #524288
  87 003c 5A61     		str	r2, [r3, #20]
  88              		.loc 1 68 3 view .LVU18
  89 003e 5A69     		ldr	r2, [r3, #20]
  90 0040 02F40022 		and	r2, r2, #524288
  91 0044 0292     		str	r2, [sp, #8]
  92              		.loc 1 68 3 view .LVU19
  93 0046 029A     		ldr	r2, [sp, #8]
  94              	.LBE4:
  95              		.loc 1 68 3 view .LVU20
  69:Src/gpio.c    ****   __HAL_RCC_GPIOB_CLK_ENABLE();
  96              		.loc 1 69 3 view .LVU21
  97              	.LBB5:
  98              		.loc 1 69 3 view .LVU22
  99              		.loc 1 69 3 view .LVU23
 100 0048 5A69     		ldr	r2, [r3, #20]
 101 004a 42F48022 		orr	r2, r2, #262144
 102 004e 5A61     		str	r2, [r3, #20]
 103              		.loc 1 69 3 view .LVU24
ARM GAS  /tmp/ccZ1PmqC.s 			page 4


 104 0050 5A69     		ldr	r2, [r3, #20]
 105 0052 02F48022 		and	r2, r2, #262144
 106 0056 0392     		str	r2, [sp, #12]
 107              		.loc 1 69 3 view .LVU25
 108 0058 039A     		ldr	r2, [sp, #12]
 109              	.LBE5:
 110              		.loc 1 69 3 view .LVU26
  70:Src/gpio.c    ****   __HAL_RCC_GPIOD_CLK_ENABLE();
 111              		.loc 1 70 3 view .LVU27
 112              	.LBB6:
 113              		.loc 1 70 3 view .LVU28
 114              		.loc 1 70 3 view .LVU29
 115 005a 5A69     		ldr	r2, [r3, #20]
 116 005c 42F48012 		orr	r2, r2, #1048576
 117 0060 5A61     		str	r2, [r3, #20]
 118              		.loc 1 70 3 view .LVU30
 119 0062 5B69     		ldr	r3, [r3, #20]
 120 0064 03F48013 		and	r3, r3, #1048576
 121 0068 0493     		str	r3, [sp, #16]
 122              		.loc 1 70 3 view .LVU31
 123 006a 049B     		ldr	r3, [sp, #16]
 124              	.LBE6:
 125              		.loc 1 70 3 view .LVU32
  71:Src/gpio.c    **** 
  72:Src/gpio.c    ****   /*Configure GPIO pin Output Level */
  73:Src/gpio.c    ****   HAL_GPIO_WritePin(TestLED_GPIO_Port, TestLED_Pin, GPIO_PIN_RESET);
 126              		.loc 1 73 3 view .LVU33
 127 006c 0A4D     		ldr	r5, .L3+4
 128 006e 2246     		mov	r2, r4
 129 0070 4FF48061 		mov	r1, #1024
 130 0074 2846     		mov	r0, r5
 131 0076 FFF7FEFF 		bl	HAL_GPIO_WritePin
 132              	.LVL0:
  74:Src/gpio.c    **** 
  75:Src/gpio.c    ****   /*Configure GPIO pin : PtPin */
  76:Src/gpio.c    ****   GPIO_InitStruct.Pin = TestLED_Pin;
 133              		.loc 1 76 3 view .LVU34
 134              		.loc 1 76 23 is_stmt 0 view .LVU35
 135 007a 4FF48063 		mov	r3, #1024
 136 007e 0593     		str	r3, [sp, #20]
  77:Src/gpio.c    ****   GPIO_InitStruct.Mode = GPIO_MODE_OUTPUT_PP;
 137              		.loc 1 77 3 is_stmt 1 view .LVU36
 138              		.loc 1 77 24 is_stmt 0 view .LVU37
 139 0080 0123     		movs	r3, #1
 140 0082 0693     		str	r3, [sp, #24]
  78:Src/gpio.c    ****   GPIO_InitStruct.Pull = GPIO_NOPULL;
 141              		.loc 1 78 3 is_stmt 1 view .LVU38
 142              		.loc 1 78 24 is_stmt 0 view .LVU39
 143 0084 0794     		str	r4, [sp, #28]
  79:Src/gpio.c    ****   GPIO_InitStruct.Speed = GPIO_SPEED_FREQ_LOW;
 144              		.loc 1 79 3 is_stmt 1 view .LVU40
 145              		.loc 1 79 25 is_stmt 0 view .LVU41
 146 0086 0894     		str	r4, [sp, #32]
  80:Src/gpio.c    ****   HAL_GPIO_Init(TestLED_GPIO_Port, &GPIO_InitStruct);
 147              		.loc 1 80 3 is_stmt 1 view .LVU42
 148 0088 05A9     		add	r1, sp, #20
 149 008a 2846     		mov	r0, r5
ARM GAS  /tmp/ccZ1PmqC.s 			page 5


 150 008c FFF7FEFF 		bl	HAL_GPIO_Init
 151              	.LVL1:
  81:Src/gpio.c    **** 
  82:Src/gpio.c    **** }
 152              		.loc 1 82 1 is_stmt 0 view .LVU43
 153 0090 0BB0     		add	sp, sp, #44
 154              	.LCFI2:
 155              		.cfi_def_cfa_offset 12
 156              		@ sp needed
 157 0092 30BD     		pop	{r4, r5, pc}
 158              	.L4:
 159              		.align	2
 160              	.L3:
 161 0094 00100240 		.word	1073876992
 162 0098 00040048 		.word	1207960576
 163              		.cfi_endproc
 164              	.LFE126:
 166              		.text
 167              	.Letext0:
 168              		.file 2 "/usr/lib/gcc/arm-none-eabi/9.2.1/include/stdint.h"
 169              		.file 3 "Drivers/CMSIS/Include/core_cm4.h"
 170              		.file 4 "Drivers/CMSIS/Device/ST/STM32F3xx/Include/system_stm32f3xx.h"
 171              		.file 5 "Drivers/CMSIS/Device/ST/STM32F3xx/Include/stm32f303xe.h"
 172              		.file 6 "/usr/lib/gcc/arm-none-eabi/9.2.1/include/stddef.h"
 173              		.file 7 "/usr/include/newlib/sys/_types.h"
 174              		.file 8 "/usr/include/newlib/sys/reent.h"
 175              		.file 9 "/usr/include/newlib/sys/lock.h"
 176              		.file 10 "Drivers/STM32F3xx_HAL_Driver/Inc/stm32f3xx_hal_def.h"
 177              		.file 11 "Drivers/STM32F3xx_HAL_Driver/Inc/stm32f3xx_hal_gpio.h"
 178              		.file 12 "Drivers/STM32F3xx_HAL_Driver/Inc/stm32f3xx_hal_dma.h"
 179              		.file 13 "Drivers/STM32F3xx_HAL_Driver/Inc/stm32f3xx_hal_uart.h"
 180              		.file 14 "Drivers/STM32F3xx_HAL_Driver/Inc/stm32f3xx_hal.h"
 181              		.file 15 "Inc/ibus.h"
 182              		.file 16 "Inc/ibus_stm32.h"
 183              		.file 17 "Inc/tfmini.h"
 184              		.file 18 "Inc/tfmini_stm32.h"
 185              		.file 19 "Inc/failsafe.h"
 186              		.file 20 "Inc/main.h"
ARM GAS  /tmp/ccZ1PmqC.s 			page 6


DEFINED SYMBOLS
                            *ABS*:0000000000000000 gpio.c
     /tmp/ccZ1PmqC.s:18     .text.MX_GPIO_Init:0000000000000000 $t
     /tmp/ccZ1PmqC.s:26     .text.MX_GPIO_Init:0000000000000000 MX_GPIO_Init
     /tmp/ccZ1PmqC.s:161    .text.MX_GPIO_Init:0000000000000094 $d

UNDEFINED SYMBOLS
HAL_GPIO_WritePin
HAL_GPIO_Init
