ARM GAS  /tmp/cc5yR3Yz.s 			page 1


   1              		.cpu cortex-m4
   2              		.eabi_attribute 27, 1
   3              		.eabi_attribute 28, 1
   4              		.eabi_attribute 20, 1
   5              		.eabi_attribute 21, 1
   6              		.eabi_attribute 23, 3
   7              		.eabi_attribute 24, 1
   8              		.eabi_attribute 25, 1
   9              		.eabi_attribute 26, 1
  10              		.eabi_attribute 30, 1
  11              		.eabi_attribute 34, 1
  12              		.eabi_attribute 18, 4
  13              		.file	"stm32f3xx_hal_uart_ex.c"
  14              		.text
  15              	.Ltext0:
  16              		.cfi_sections	.debug_frame
  17              		.section	.text.HAL_RS485Ex_Init,"ax",%progbits
  18              		.align	1
  19              		.global	HAL_RS485Ex_Init
  20              		.syntax unified
  21              		.thumb
  22              		.thumb_func
  23              		.fpu fpv4-sp-d16
  25              	HAL_RS485Ex_Init:
  26              	.LFB126:
  27              		.file 1 "Drivers/STM32F3xx_HAL_Driver/Src/stm32f3xx_hal_uart_ex.c"
   1:Drivers/STM32F3xx_HAL_Driver/Src/stm32f3xx_hal_uart_ex.c **** /**
   2:Drivers/STM32F3xx_HAL_Driver/Src/stm32f3xx_hal_uart_ex.c ****   ******************************************************************************
   3:Drivers/STM32F3xx_HAL_Driver/Src/stm32f3xx_hal_uart_ex.c ****   * @file    stm32f3xx_hal_uart_ex.c
   4:Drivers/STM32F3xx_HAL_Driver/Src/stm32f3xx_hal_uart_ex.c ****   * @author  MCD Application Team
   5:Drivers/STM32F3xx_HAL_Driver/Src/stm32f3xx_hal_uart_ex.c ****   * @brief   Extended UART HAL module driver.
   6:Drivers/STM32F3xx_HAL_Driver/Src/stm32f3xx_hal_uart_ex.c ****   *          This file provides firmware functions to manage the following extended
   7:Drivers/STM32F3xx_HAL_Driver/Src/stm32f3xx_hal_uart_ex.c ****   *          functionalities of the Universal Asynchronous Receiver Transmitter Peripheral (UART).
   8:Drivers/STM32F3xx_HAL_Driver/Src/stm32f3xx_hal_uart_ex.c ****   *           + Initialization and de-initialization functions
   9:Drivers/STM32F3xx_HAL_Driver/Src/stm32f3xx_hal_uart_ex.c ****   *           + Peripheral Control functions
  10:Drivers/STM32F3xx_HAL_Driver/Src/stm32f3xx_hal_uart_ex.c ****   *
  11:Drivers/STM32F3xx_HAL_Driver/Src/stm32f3xx_hal_uart_ex.c ****   *
  12:Drivers/STM32F3xx_HAL_Driver/Src/stm32f3xx_hal_uart_ex.c ****   @verbatim
  13:Drivers/STM32F3xx_HAL_Driver/Src/stm32f3xx_hal_uart_ex.c ****   ==============================================================================
  14:Drivers/STM32F3xx_HAL_Driver/Src/stm32f3xx_hal_uart_ex.c ****                ##### UART peripheral extended features  #####
  15:Drivers/STM32F3xx_HAL_Driver/Src/stm32f3xx_hal_uart_ex.c ****   ==============================================================================
  16:Drivers/STM32F3xx_HAL_Driver/Src/stm32f3xx_hal_uart_ex.c **** 
  17:Drivers/STM32F3xx_HAL_Driver/Src/stm32f3xx_hal_uart_ex.c ****     (#) Declare a UART_HandleTypeDef handle structure.
  18:Drivers/STM32F3xx_HAL_Driver/Src/stm32f3xx_hal_uart_ex.c **** 
  19:Drivers/STM32F3xx_HAL_Driver/Src/stm32f3xx_hal_uart_ex.c ****     (#) For the UART RS485 Driver Enable mode, initialize the UART registers
  20:Drivers/STM32F3xx_HAL_Driver/Src/stm32f3xx_hal_uart_ex.c ****         by calling the HAL_RS485Ex_Init() API.
  21:Drivers/STM32F3xx_HAL_Driver/Src/stm32f3xx_hal_uart_ex.c **** 
  22:Drivers/STM32F3xx_HAL_Driver/Src/stm32f3xx_hal_uart_ex.c **** 
  23:Drivers/STM32F3xx_HAL_Driver/Src/stm32f3xx_hal_uart_ex.c ****   @endverbatim
  24:Drivers/STM32F3xx_HAL_Driver/Src/stm32f3xx_hal_uart_ex.c ****   ******************************************************************************
  25:Drivers/STM32F3xx_HAL_Driver/Src/stm32f3xx_hal_uart_ex.c ****   * @attention
  26:Drivers/STM32F3xx_HAL_Driver/Src/stm32f3xx_hal_uart_ex.c ****   *
  27:Drivers/STM32F3xx_HAL_Driver/Src/stm32f3xx_hal_uart_ex.c ****   * <h2><center>&copy; COPYRIGHT(c) 2016 STMicroelectronics</center></h2>
  28:Drivers/STM32F3xx_HAL_Driver/Src/stm32f3xx_hal_uart_ex.c ****   *
  29:Drivers/STM32F3xx_HAL_Driver/Src/stm32f3xx_hal_uart_ex.c ****   * Redistribution and use in source and binary forms, with or without modification,
  30:Drivers/STM32F3xx_HAL_Driver/Src/stm32f3xx_hal_uart_ex.c ****   * are permitted provided that the following conditions are met:
  31:Drivers/STM32F3xx_HAL_Driver/Src/stm32f3xx_hal_uart_ex.c ****   *   1. Redistributions of source code must retain the above copyright notice,
ARM GAS  /tmp/cc5yR3Yz.s 			page 2


  32:Drivers/STM32F3xx_HAL_Driver/Src/stm32f3xx_hal_uart_ex.c ****   *      this list of conditions and the following disclaimer.
  33:Drivers/STM32F3xx_HAL_Driver/Src/stm32f3xx_hal_uart_ex.c ****   *   2. Redistributions in binary form must reproduce the above copyright notice,
  34:Drivers/STM32F3xx_HAL_Driver/Src/stm32f3xx_hal_uart_ex.c ****   *      this list of conditions and the following disclaimer in the documentation
  35:Drivers/STM32F3xx_HAL_Driver/Src/stm32f3xx_hal_uart_ex.c ****   *      and/or other materials provided with the distribution.
  36:Drivers/STM32F3xx_HAL_Driver/Src/stm32f3xx_hal_uart_ex.c ****   *   3. Neither the name of STMicroelectronics nor the names of its contributors
  37:Drivers/STM32F3xx_HAL_Driver/Src/stm32f3xx_hal_uart_ex.c ****   *      may be used to endorse or promote products derived from this software
  38:Drivers/STM32F3xx_HAL_Driver/Src/stm32f3xx_hal_uart_ex.c ****   *      without specific prior written permission.
  39:Drivers/STM32F3xx_HAL_Driver/Src/stm32f3xx_hal_uart_ex.c ****   *
  40:Drivers/STM32F3xx_HAL_Driver/Src/stm32f3xx_hal_uart_ex.c ****   * THIS SOFTWARE IS PROVIDED BY THE COPYRIGHT HOLDERS AND CONTRIBUTORS "AS IS"
  41:Drivers/STM32F3xx_HAL_Driver/Src/stm32f3xx_hal_uart_ex.c ****   * AND ANY EXPRESS OR IMPLIED WARRANTIES, INCLUDING, BUT NOT LIMITED TO, THE
  42:Drivers/STM32F3xx_HAL_Driver/Src/stm32f3xx_hal_uart_ex.c ****   * IMPLIED WARRANTIES OF MERCHANTABILITY AND FITNESS FOR A PARTICULAR PURPOSE ARE
  43:Drivers/STM32F3xx_HAL_Driver/Src/stm32f3xx_hal_uart_ex.c ****   * DISCLAIMED. IN NO EVENT SHALL THE COPYRIGHT HOLDER OR CONTRIBUTORS BE LIABLE
  44:Drivers/STM32F3xx_HAL_Driver/Src/stm32f3xx_hal_uart_ex.c ****   * FOR ANY DIRECT, INDIRECT, INCIDENTAL, SPECIAL, EXEMPLARY, OR CONSEQUENTIAL
  45:Drivers/STM32F3xx_HAL_Driver/Src/stm32f3xx_hal_uart_ex.c ****   * DAMAGES (INCLUDING, BUT NOT LIMITED TO, PROCUREMENT OF SUBSTITUTE GOODS OR
  46:Drivers/STM32F3xx_HAL_Driver/Src/stm32f3xx_hal_uart_ex.c ****   * SERVICES; LOSS OF USE, DATA, OR PROFITS; OR BUSINESS INTERRUPTION) HOWEVER
  47:Drivers/STM32F3xx_HAL_Driver/Src/stm32f3xx_hal_uart_ex.c ****   * CAUSED AND ON ANY THEORY OF LIABILITY, WHETHER IN CONTRACT, STRICT LIABILITY,
  48:Drivers/STM32F3xx_HAL_Driver/Src/stm32f3xx_hal_uart_ex.c ****   * OR TORT (INCLUDING NEGLIGENCE OR OTHERWISE) ARISING IN ANY WAY OUT OF THE USE
  49:Drivers/STM32F3xx_HAL_Driver/Src/stm32f3xx_hal_uart_ex.c ****   * OF THIS SOFTWARE, EVEN IF ADVISED OF THE POSSIBILITY OF SUCH DAMAGE.
  50:Drivers/STM32F3xx_HAL_Driver/Src/stm32f3xx_hal_uart_ex.c ****   *
  51:Drivers/STM32F3xx_HAL_Driver/Src/stm32f3xx_hal_uart_ex.c ****   ******************************************************************************
  52:Drivers/STM32F3xx_HAL_Driver/Src/stm32f3xx_hal_uart_ex.c ****   */
  53:Drivers/STM32F3xx_HAL_Driver/Src/stm32f3xx_hal_uart_ex.c **** 
  54:Drivers/STM32F3xx_HAL_Driver/Src/stm32f3xx_hal_uart_ex.c **** /* Includes ------------------------------------------------------------------*/
  55:Drivers/STM32F3xx_HAL_Driver/Src/stm32f3xx_hal_uart_ex.c **** #include "stm32f3xx_hal.h"
  56:Drivers/STM32F3xx_HAL_Driver/Src/stm32f3xx_hal_uart_ex.c **** 
  57:Drivers/STM32F3xx_HAL_Driver/Src/stm32f3xx_hal_uart_ex.c **** /** @addtogroup STM32F3xx_HAL_Driver
  58:Drivers/STM32F3xx_HAL_Driver/Src/stm32f3xx_hal_uart_ex.c ****   * @{
  59:Drivers/STM32F3xx_HAL_Driver/Src/stm32f3xx_hal_uart_ex.c ****   */
  60:Drivers/STM32F3xx_HAL_Driver/Src/stm32f3xx_hal_uart_ex.c **** 
  61:Drivers/STM32F3xx_HAL_Driver/Src/stm32f3xx_hal_uart_ex.c **** /** @defgroup UARTEx UARTEx
  62:Drivers/STM32F3xx_HAL_Driver/Src/stm32f3xx_hal_uart_ex.c ****   * @brief UART Extension HAL module driver
  63:Drivers/STM32F3xx_HAL_Driver/Src/stm32f3xx_hal_uart_ex.c ****   * @{
  64:Drivers/STM32F3xx_HAL_Driver/Src/stm32f3xx_hal_uart_ex.c ****   */
  65:Drivers/STM32F3xx_HAL_Driver/Src/stm32f3xx_hal_uart_ex.c **** 
  66:Drivers/STM32F3xx_HAL_Driver/Src/stm32f3xx_hal_uart_ex.c **** #ifdef HAL_UART_MODULE_ENABLED
  67:Drivers/STM32F3xx_HAL_Driver/Src/stm32f3xx_hal_uart_ex.c **** 
  68:Drivers/STM32F3xx_HAL_Driver/Src/stm32f3xx_hal_uart_ex.c **** /* Private typedef -----------------------------------------------------------*/
  69:Drivers/STM32F3xx_HAL_Driver/Src/stm32f3xx_hal_uart_ex.c **** /* Private define ------------------------------------------------------------*/
  70:Drivers/STM32F3xx_HAL_Driver/Src/stm32f3xx_hal_uart_ex.c **** /* Private macros ------------------------------------------------------------*/
  71:Drivers/STM32F3xx_HAL_Driver/Src/stm32f3xx_hal_uart_ex.c **** /* Private variables ---------------------------------------------------------*/
  72:Drivers/STM32F3xx_HAL_Driver/Src/stm32f3xx_hal_uart_ex.c **** /* Private function prototypes -----------------------------------------------*/
  73:Drivers/STM32F3xx_HAL_Driver/Src/stm32f3xx_hal_uart_ex.c **** /* Exported functions --------------------------------------------------------*/
  74:Drivers/STM32F3xx_HAL_Driver/Src/stm32f3xx_hal_uart_ex.c **** 
  75:Drivers/STM32F3xx_HAL_Driver/Src/stm32f3xx_hal_uart_ex.c **** /** @defgroup UARTEx_Exported_Functions UARTEx Exported Functions
  76:Drivers/STM32F3xx_HAL_Driver/Src/stm32f3xx_hal_uart_ex.c ****   * @{
  77:Drivers/STM32F3xx_HAL_Driver/Src/stm32f3xx_hal_uart_ex.c ****   */
  78:Drivers/STM32F3xx_HAL_Driver/Src/stm32f3xx_hal_uart_ex.c **** 
  79:Drivers/STM32F3xx_HAL_Driver/Src/stm32f3xx_hal_uart_ex.c **** /** @defgroup UARTEx_Exported_Functions_Group1 Extended Initialization and de-initialization functi
  80:Drivers/STM32F3xx_HAL_Driver/Src/stm32f3xx_hal_uart_ex.c ****   * @brief    Extended Initialization and Configuration Functions
  81:Drivers/STM32F3xx_HAL_Driver/Src/stm32f3xx_hal_uart_ex.c ****   *
  82:Drivers/STM32F3xx_HAL_Driver/Src/stm32f3xx_hal_uart_ex.c **** @verbatim
  83:Drivers/STM32F3xx_HAL_Driver/Src/stm32f3xx_hal_uart_ex.c **** ===============================================================================
  84:Drivers/STM32F3xx_HAL_Driver/Src/stm32f3xx_hal_uart_ex.c ****             ##### Initialization and Configuration functions #####
  85:Drivers/STM32F3xx_HAL_Driver/Src/stm32f3xx_hal_uart_ex.c ****  ==============================================================================
  86:Drivers/STM32F3xx_HAL_Driver/Src/stm32f3xx_hal_uart_ex.c ****     [..]
  87:Drivers/STM32F3xx_HAL_Driver/Src/stm32f3xx_hal_uart_ex.c ****     This subsection provides a set of functions allowing to initialize the USARTx or the UARTy
  88:Drivers/STM32F3xx_HAL_Driver/Src/stm32f3xx_hal_uart_ex.c ****     in asynchronous mode.
ARM GAS  /tmp/cc5yR3Yz.s 			page 3


  89:Drivers/STM32F3xx_HAL_Driver/Src/stm32f3xx_hal_uart_ex.c ****       (+) For the asynchronous mode the parameters below can be configured:
  90:Drivers/STM32F3xx_HAL_Driver/Src/stm32f3xx_hal_uart_ex.c ****         (++) Baud Rate
  91:Drivers/STM32F3xx_HAL_Driver/Src/stm32f3xx_hal_uart_ex.c ****         (++) Word Length (Fixed to 8-bits only for LIN mode)
  92:Drivers/STM32F3xx_HAL_Driver/Src/stm32f3xx_hal_uart_ex.c ****         (++) Stop Bit
  93:Drivers/STM32F3xx_HAL_Driver/Src/stm32f3xx_hal_uart_ex.c ****         (++) Parity
  94:Drivers/STM32F3xx_HAL_Driver/Src/stm32f3xx_hal_uart_ex.c ****         (++) Hardware flow control
  95:Drivers/STM32F3xx_HAL_Driver/Src/stm32f3xx_hal_uart_ex.c ****         (++) Receiver/transmitter modes
  96:Drivers/STM32F3xx_HAL_Driver/Src/stm32f3xx_hal_uart_ex.c ****         (++) Over Sampling Method
  97:Drivers/STM32F3xx_HAL_Driver/Src/stm32f3xx_hal_uart_ex.c ****         (++) One-Bit Sampling Method
  98:Drivers/STM32F3xx_HAL_Driver/Src/stm32f3xx_hal_uart_ex.c ****       (+) For the asynchronous mode, the following advanced features can be configured as well:
  99:Drivers/STM32F3xx_HAL_Driver/Src/stm32f3xx_hal_uart_ex.c ****         (++) TX and/or RX pin level inversion
 100:Drivers/STM32F3xx_HAL_Driver/Src/stm32f3xx_hal_uart_ex.c ****         (++) data logical level inversion
 101:Drivers/STM32F3xx_HAL_Driver/Src/stm32f3xx_hal_uart_ex.c ****         (++) RX and TX pins swap
 102:Drivers/STM32F3xx_HAL_Driver/Src/stm32f3xx_hal_uart_ex.c ****         (++) RX overrun detection disabling
 103:Drivers/STM32F3xx_HAL_Driver/Src/stm32f3xx_hal_uart_ex.c ****         (++) DMA disabling on RX error
 104:Drivers/STM32F3xx_HAL_Driver/Src/stm32f3xx_hal_uart_ex.c ****         (++) MSB first on communication line
 105:Drivers/STM32F3xx_HAL_Driver/Src/stm32f3xx_hal_uart_ex.c ****         (++) auto Baud rate detection
 106:Drivers/STM32F3xx_HAL_Driver/Src/stm32f3xx_hal_uart_ex.c ****     [..]
 107:Drivers/STM32F3xx_HAL_Driver/Src/stm32f3xx_hal_uart_ex.c ****     The HAL_RS485Ex_Init() API follows respectively the UART RS485 mode
 108:Drivers/STM32F3xx_HAL_Driver/Src/stm32f3xx_hal_uart_ex.c ****     configuration procedures (details for the procedures are available in reference manual).
 109:Drivers/STM32F3xx_HAL_Driver/Src/stm32f3xx_hal_uart_ex.c **** 
 110:Drivers/STM32F3xx_HAL_Driver/Src/stm32f3xx_hal_uart_ex.c **** @endverbatim
 111:Drivers/STM32F3xx_HAL_Driver/Src/stm32f3xx_hal_uart_ex.c ****   * @{
 112:Drivers/STM32F3xx_HAL_Driver/Src/stm32f3xx_hal_uart_ex.c ****   */
 113:Drivers/STM32F3xx_HAL_Driver/Src/stm32f3xx_hal_uart_ex.c **** 
 114:Drivers/STM32F3xx_HAL_Driver/Src/stm32f3xx_hal_uart_ex.c **** /*
 115:Drivers/STM32F3xx_HAL_Driver/Src/stm32f3xx_hal_uart_ex.c ****   Additional Table:  If the parity is enabled, then the MSB bit of the data written
 116:Drivers/STM32F3xx_HAL_Driver/Src/stm32f3xx_hal_uart_ex.c ****                      in the data register is transmitted but is changed by the parity bit.
 117:Drivers/STM32F3xx_HAL_Driver/Src/stm32f3xx_hal_uart_ex.c ****                      According to device capability (support or not of 7-bit word length),
 118:Drivers/STM32F3xx_HAL_Driver/Src/stm32f3xx_hal_uart_ex.c ****                      frame length is either defined by the M bit (8-bits or 9-bits)
 119:Drivers/STM32F3xx_HAL_Driver/Src/stm32f3xx_hal_uart_ex.c ****                      or by the M1 and M0 bits (7-bit, 8-bit or 9-bit).
 120:Drivers/STM32F3xx_HAL_Driver/Src/stm32f3xx_hal_uart_ex.c ****                      Possible UART frame formats are as listed in the following table:
 121:Drivers/STM32F3xx_HAL_Driver/Src/stm32f3xx_hal_uart_ex.c ****             
 122:Drivers/STM32F3xx_HAL_Driver/Src/stm32f3xx_hal_uart_ex.c ****       Table 1. UART frame format.             
 123:Drivers/STM32F3xx_HAL_Driver/Src/stm32f3xx_hal_uart_ex.c ****       +-----------------------------------------------------------------------+
 124:Drivers/STM32F3xx_HAL_Driver/Src/stm32f3xx_hal_uart_ex.c ****       |       M bit       |  PCE bit  |             UART frame                |
 125:Drivers/STM32F3xx_HAL_Driver/Src/stm32f3xx_hal_uart_ex.c ****       |-------------------|-----------|---------------------------------------|
 126:Drivers/STM32F3xx_HAL_Driver/Src/stm32f3xx_hal_uart_ex.c ****       |         0         |     0     |    | SB |    8-bit data   | STB |     |
 127:Drivers/STM32F3xx_HAL_Driver/Src/stm32f3xx_hal_uart_ex.c ****       |-------------------|-----------|---------------------------------------|
 128:Drivers/STM32F3xx_HAL_Driver/Src/stm32f3xx_hal_uart_ex.c ****       |         0         |     1     |    | SB | 7-bit data | PB | STB |     |
 129:Drivers/STM32F3xx_HAL_Driver/Src/stm32f3xx_hal_uart_ex.c ****       |-------------------|-----------|---------------------------------------|
 130:Drivers/STM32F3xx_HAL_Driver/Src/stm32f3xx_hal_uart_ex.c ****       |         1         |     0     |    | SB |    9-bit data   | STB |     |
 131:Drivers/STM32F3xx_HAL_Driver/Src/stm32f3xx_hal_uart_ex.c ****       |-------------------|-----------|---------------------------------------|
 132:Drivers/STM32F3xx_HAL_Driver/Src/stm32f3xx_hal_uart_ex.c ****       |         1         |     1     |    | SB | 8-bit data | PB | STB |     |
 133:Drivers/STM32F3xx_HAL_Driver/Src/stm32f3xx_hal_uart_ex.c ****       +-----------------------------------------------------------------------+
 134:Drivers/STM32F3xx_HAL_Driver/Src/stm32f3xx_hal_uart_ex.c ****       |  M1 bit |  M0 bit |  PCE bit  |             UART frame                |
 135:Drivers/STM32F3xx_HAL_Driver/Src/stm32f3xx_hal_uart_ex.c ****       |---------|---------|-----------|---------------------------------------|
 136:Drivers/STM32F3xx_HAL_Driver/Src/stm32f3xx_hal_uart_ex.c ****       |    0    |    0    |     0     |    | SB |    8 bit data   | STB |     |
 137:Drivers/STM32F3xx_HAL_Driver/Src/stm32f3xx_hal_uart_ex.c ****       |---------|---------|-----------|---------------------------------------|
 138:Drivers/STM32F3xx_HAL_Driver/Src/stm32f3xx_hal_uart_ex.c ****       |    0    |    0    |     1     |    | SB | 7 bit data | PB | STB |     |
 139:Drivers/STM32F3xx_HAL_Driver/Src/stm32f3xx_hal_uart_ex.c ****       |---------|---------|-----------|---------------------------------------|
 140:Drivers/STM32F3xx_HAL_Driver/Src/stm32f3xx_hal_uart_ex.c ****       |    0    |    1    |     0     |    | SB |    9 bit data   | STB |     |
 141:Drivers/STM32F3xx_HAL_Driver/Src/stm32f3xx_hal_uart_ex.c ****       |---------|---------|-----------|---------------------------------------|
 142:Drivers/STM32F3xx_HAL_Driver/Src/stm32f3xx_hal_uart_ex.c ****       |    0    |    1    |     1     |    | SB | 8 bit data | PB | STB |     |
 143:Drivers/STM32F3xx_HAL_Driver/Src/stm32f3xx_hal_uart_ex.c ****       |---------|---------|-----------|---------------------------------------|
 144:Drivers/STM32F3xx_HAL_Driver/Src/stm32f3xx_hal_uart_ex.c ****       |    1    |    0    |     0     |    | SB |    7 bit data   | STB |     |
 145:Drivers/STM32F3xx_HAL_Driver/Src/stm32f3xx_hal_uart_ex.c ****       |---------|---------|-----------|---------------------------------------|
ARM GAS  /tmp/cc5yR3Yz.s 			page 4


 146:Drivers/STM32F3xx_HAL_Driver/Src/stm32f3xx_hal_uart_ex.c ****       |    1    |    0    |     1     |    | SB | 6 bit data | PB | STB |     |
 147:Drivers/STM32F3xx_HAL_Driver/Src/stm32f3xx_hal_uart_ex.c ****       +-----------------------------------------------------------------------+
 148:Drivers/STM32F3xx_HAL_Driver/Src/stm32f3xx_hal_uart_ex.c **** 
 149:Drivers/STM32F3xx_HAL_Driver/Src/stm32f3xx_hal_uart_ex.c **** */
 150:Drivers/STM32F3xx_HAL_Driver/Src/stm32f3xx_hal_uart_ex.c **** 
 151:Drivers/STM32F3xx_HAL_Driver/Src/stm32f3xx_hal_uart_ex.c **** /**
 152:Drivers/STM32F3xx_HAL_Driver/Src/stm32f3xx_hal_uart_ex.c ****   * @brief Initialize the RS485 Driver enable feature according to the specified
 153:Drivers/STM32F3xx_HAL_Driver/Src/stm32f3xx_hal_uart_ex.c ****   *         parameters in the UART_InitTypeDef and creates the associated handle.
 154:Drivers/STM32F3xx_HAL_Driver/Src/stm32f3xx_hal_uart_ex.c ****   * @param huart UART handle.
 155:Drivers/STM32F3xx_HAL_Driver/Src/stm32f3xx_hal_uart_ex.c ****   * @param Polarity select the driver enable polarity.
 156:Drivers/STM32F3xx_HAL_Driver/Src/stm32f3xx_hal_uart_ex.c ****   *        This parameter can be one of the following values:
 157:Drivers/STM32F3xx_HAL_Driver/Src/stm32f3xx_hal_uart_ex.c ****   *          @arg @ref UART_DE_POLARITY_HIGH DE signal is active high
 158:Drivers/STM32F3xx_HAL_Driver/Src/stm32f3xx_hal_uart_ex.c ****   *          @arg @ref UART_DE_POLARITY_LOW  DE signal is active low
 159:Drivers/STM32F3xx_HAL_Driver/Src/stm32f3xx_hal_uart_ex.c ****   * @param AssertionTime Driver Enable assertion time:
 160:Drivers/STM32F3xx_HAL_Driver/Src/stm32f3xx_hal_uart_ex.c ****   *                         5-bit value defining the time between the activation of the DE (Driver 
 161:Drivers/STM32F3xx_HAL_Driver/Src/stm32f3xx_hal_uart_ex.c ****   *                         signal and the beginning of the start bit. It is expressed in sample ti
 162:Drivers/STM32F3xx_HAL_Driver/Src/stm32f3xx_hal_uart_ex.c ****   *                         units (1/8 or 1/16 bit time, depending on the oversampling rate)
 163:Drivers/STM32F3xx_HAL_Driver/Src/stm32f3xx_hal_uart_ex.c ****   * @param DeassertionTime Driver Enable deassertion time:
 164:Drivers/STM32F3xx_HAL_Driver/Src/stm32f3xx_hal_uart_ex.c ****   *                         5-bit value defining the time between the end of the last stop bit, in 
 165:Drivers/STM32F3xx_HAL_Driver/Src/stm32f3xx_hal_uart_ex.c ****   *                         transmitted message, and the de-activation of the DE (Driver Enable) si
 166:Drivers/STM32F3xx_HAL_Driver/Src/stm32f3xx_hal_uart_ex.c ****   *                         It is expressed in sample time units (1/8 or 1/16 bit time, depending o
 167:Drivers/STM32F3xx_HAL_Driver/Src/stm32f3xx_hal_uart_ex.c ****   *                         oversampling rate).
 168:Drivers/STM32F3xx_HAL_Driver/Src/stm32f3xx_hal_uart_ex.c ****   * @retval HAL status
 169:Drivers/STM32F3xx_HAL_Driver/Src/stm32f3xx_hal_uart_ex.c ****   */
 170:Drivers/STM32F3xx_HAL_Driver/Src/stm32f3xx_hal_uart_ex.c **** HAL_StatusTypeDef HAL_RS485Ex_Init(UART_HandleTypeDef *huart, uint32_t Polarity, uint32_t Assertion
 171:Drivers/STM32F3xx_HAL_Driver/Src/stm32f3xx_hal_uart_ex.c **** {
  28              		.loc 1 171 0
  29              		.cfi_startproc
  30              		@ args = 0, pretend = 0, frame = 0
  31              		@ frame_needed = 0, uses_anonymous_args = 0
  32              	.LVL0:
 172:Drivers/STM32F3xx_HAL_Driver/Src/stm32f3xx_hal_uart_ex.c ****   uint32_t temp = 0x0U;
 173:Drivers/STM32F3xx_HAL_Driver/Src/stm32f3xx_hal_uart_ex.c **** 
 174:Drivers/STM32F3xx_HAL_Driver/Src/stm32f3xx_hal_uart_ex.c ****   /* Check the UART handle allocation */
 175:Drivers/STM32F3xx_HAL_Driver/Src/stm32f3xx_hal_uart_ex.c ****   if(huart == NULL)
  33              		.loc 1 175 0
  34 0000 0028     		cmp	r0, #0
  35 0002 3ED0     		beq	.L5
 171:Drivers/STM32F3xx_HAL_Driver/Src/stm32f3xx_hal_uart_ex.c ****   uint32_t temp = 0x0U;
  36              		.loc 1 171 0
  37 0004 F8B5     		push	{r3, r4, r5, r6, r7, lr}
  38              	.LCFI0:
  39              		.cfi_def_cfa_offset 24
  40              		.cfi_offset 3, -24
  41              		.cfi_offset 4, -20
  42              		.cfi_offset 5, -16
  43              		.cfi_offset 6, -12
  44              		.cfi_offset 7, -8
  45              		.cfi_offset 14, -4
  46 0006 0446     		mov	r4, r0
  47 0008 1D46     		mov	r5, r3
  48 000a 1646     		mov	r6, r2
  49 000c 0F46     		mov	r7, r1
 176:Drivers/STM32F3xx_HAL_Driver/Src/stm32f3xx_hal_uart_ex.c ****   {
 177:Drivers/STM32F3xx_HAL_Driver/Src/stm32f3xx_hal_uart_ex.c ****     return HAL_ERROR;
 178:Drivers/STM32F3xx_HAL_Driver/Src/stm32f3xx_hal_uart_ex.c ****   }
 179:Drivers/STM32F3xx_HAL_Driver/Src/stm32f3xx_hal_uart_ex.c ****   /* Check the Driver Enable UART instance */
ARM GAS  /tmp/cc5yR3Yz.s 			page 5


 180:Drivers/STM32F3xx_HAL_Driver/Src/stm32f3xx_hal_uart_ex.c ****   assert_param(IS_UART_DRIVER_ENABLE_INSTANCE(huart->Instance));
 181:Drivers/STM32F3xx_HAL_Driver/Src/stm32f3xx_hal_uart_ex.c **** 
 182:Drivers/STM32F3xx_HAL_Driver/Src/stm32f3xx_hal_uart_ex.c ****   /* Check the Driver Enable polarity */
 183:Drivers/STM32F3xx_HAL_Driver/Src/stm32f3xx_hal_uart_ex.c ****   assert_param(IS_UART_DE_POLARITY(Polarity));
 184:Drivers/STM32F3xx_HAL_Driver/Src/stm32f3xx_hal_uart_ex.c **** 
 185:Drivers/STM32F3xx_HAL_Driver/Src/stm32f3xx_hal_uart_ex.c ****   /* Check the Driver Enable assertion time */
 186:Drivers/STM32F3xx_HAL_Driver/Src/stm32f3xx_hal_uart_ex.c ****   assert_param(IS_UART_ASSERTIONTIME(AssertionTime));
 187:Drivers/STM32F3xx_HAL_Driver/Src/stm32f3xx_hal_uart_ex.c **** 
 188:Drivers/STM32F3xx_HAL_Driver/Src/stm32f3xx_hal_uart_ex.c ****   /* Check the Driver Enable deassertion time */
 189:Drivers/STM32F3xx_HAL_Driver/Src/stm32f3xx_hal_uart_ex.c ****   assert_param(IS_UART_DEASSERTIONTIME(DeassertionTime));
 190:Drivers/STM32F3xx_HAL_Driver/Src/stm32f3xx_hal_uart_ex.c **** 
 191:Drivers/STM32F3xx_HAL_Driver/Src/stm32f3xx_hal_uart_ex.c ****   if(huart->gState == HAL_UART_STATE_RESET)
  50              		.loc 1 191 0
  51 000e 90F86930 		ldrb	r3, [r0, #105]	@ zero_extendqisi2
  52              	.LVL1:
  53 0012 6BB3     		cbz	r3, .L10
  54              	.LVL2:
  55              	.L3:
 192:Drivers/STM32F3xx_HAL_Driver/Src/stm32f3xx_hal_uart_ex.c ****   {
 193:Drivers/STM32F3xx_HAL_Driver/Src/stm32f3xx_hal_uart_ex.c ****     /* Allocate lock resource and initialize it */
 194:Drivers/STM32F3xx_HAL_Driver/Src/stm32f3xx_hal_uart_ex.c ****     huart->Lock = HAL_UNLOCKED;
 195:Drivers/STM32F3xx_HAL_Driver/Src/stm32f3xx_hal_uart_ex.c **** 
 196:Drivers/STM32F3xx_HAL_Driver/Src/stm32f3xx_hal_uart_ex.c ****     /* Init the low level hardware : GPIO, CLOCK, CORTEX */
 197:Drivers/STM32F3xx_HAL_Driver/Src/stm32f3xx_hal_uart_ex.c ****     HAL_UART_MspInit(huart);
 198:Drivers/STM32F3xx_HAL_Driver/Src/stm32f3xx_hal_uart_ex.c ****   }
 199:Drivers/STM32F3xx_HAL_Driver/Src/stm32f3xx_hal_uart_ex.c **** 
 200:Drivers/STM32F3xx_HAL_Driver/Src/stm32f3xx_hal_uart_ex.c ****   huart->gState = HAL_UART_STATE_BUSY;
  56              		.loc 1 200 0
  57 0014 2423     		movs	r3, #36
  58 0016 84F86930 		strb	r3, [r4, #105]
 201:Drivers/STM32F3xx_HAL_Driver/Src/stm32f3xx_hal_uart_ex.c **** 
 202:Drivers/STM32F3xx_HAL_Driver/Src/stm32f3xx_hal_uart_ex.c ****   /* Disable the Peripheral */
 203:Drivers/STM32F3xx_HAL_Driver/Src/stm32f3xx_hal_uart_ex.c ****   __HAL_UART_DISABLE(huart);
  59              		.loc 1 203 0
  60 001a 2268     		ldr	r2, [r4]
  61 001c 1368     		ldr	r3, [r2]
  62 001e 23F00103 		bic	r3, r3, #1
  63 0022 1360     		str	r3, [r2]
 204:Drivers/STM32F3xx_HAL_Driver/Src/stm32f3xx_hal_uart_ex.c **** 
 205:Drivers/STM32F3xx_HAL_Driver/Src/stm32f3xx_hal_uart_ex.c ****   /* Set the UART Communication parameters */
 206:Drivers/STM32F3xx_HAL_Driver/Src/stm32f3xx_hal_uart_ex.c ****   if (UART_SetConfig(huart) == HAL_ERROR)
  64              		.loc 1 206 0
  65 0024 2046     		mov	r0, r4
  66 0026 FFF7FEFF 		bl	UART_SetConfig
  67              	.LVL3:
  68 002a 0128     		cmp	r0, #1
  69 002c 1FD0     		beq	.L2
 207:Drivers/STM32F3xx_HAL_Driver/Src/stm32f3xx_hal_uart_ex.c ****   {
 208:Drivers/STM32F3xx_HAL_Driver/Src/stm32f3xx_hal_uart_ex.c ****     return HAL_ERROR;
 209:Drivers/STM32F3xx_HAL_Driver/Src/stm32f3xx_hal_uart_ex.c ****   }
 210:Drivers/STM32F3xx_HAL_Driver/Src/stm32f3xx_hal_uart_ex.c **** 
 211:Drivers/STM32F3xx_HAL_Driver/Src/stm32f3xx_hal_uart_ex.c ****   if(huart->AdvancedInit.AdvFeatureInit != UART_ADVFEATURE_NO_INIT)
  70              		.loc 1 211 0
  71 002e 636A     		ldr	r3, [r4, #36]
  72 0030 1BBB     		cbnz	r3, .L11
  73              	.L4:
 212:Drivers/STM32F3xx_HAL_Driver/Src/stm32f3xx_hal_uart_ex.c ****   {
ARM GAS  /tmp/cc5yR3Yz.s 			page 6


 213:Drivers/STM32F3xx_HAL_Driver/Src/stm32f3xx_hal_uart_ex.c ****     UART_AdvFeatureConfig(huart);
 214:Drivers/STM32F3xx_HAL_Driver/Src/stm32f3xx_hal_uart_ex.c ****   }
 215:Drivers/STM32F3xx_HAL_Driver/Src/stm32f3xx_hal_uart_ex.c **** 
 216:Drivers/STM32F3xx_HAL_Driver/Src/stm32f3xx_hal_uart_ex.c ****   /* Enable the Driver Enable mode by setting the DEM bit in the CR3 register */
 217:Drivers/STM32F3xx_HAL_Driver/Src/stm32f3xx_hal_uart_ex.c ****   SET_BIT(huart->Instance->CR3, USART_CR3_DEM);
  74              		.loc 1 217 0
  75 0032 2268     		ldr	r2, [r4]
  76 0034 9368     		ldr	r3, [r2, #8]
  77 0036 43F48043 		orr	r3, r3, #16384
  78 003a 9360     		str	r3, [r2, #8]
 218:Drivers/STM32F3xx_HAL_Driver/Src/stm32f3xx_hal_uart_ex.c **** 
 219:Drivers/STM32F3xx_HAL_Driver/Src/stm32f3xx_hal_uart_ex.c ****   /* Set the Driver Enable polarity */
 220:Drivers/STM32F3xx_HAL_Driver/Src/stm32f3xx_hal_uart_ex.c ****   MODIFY_REG(huart->Instance->CR3, USART_CR3_DEP, Polarity);
  79              		.loc 1 220 0
  80 003c 2268     		ldr	r2, [r4]
  81 003e 9368     		ldr	r3, [r2, #8]
  82 0040 23F40043 		bic	r3, r3, #32768
  83 0044 3B43     		orrs	r3, r3, r7
  84 0046 9360     		str	r3, [r2, #8]
  85              	.LVL4:
 221:Drivers/STM32F3xx_HAL_Driver/Src/stm32f3xx_hal_uart_ex.c **** 
 222:Drivers/STM32F3xx_HAL_Driver/Src/stm32f3xx_hal_uart_ex.c ****   /* Set the Driver Enable assertion and deassertion times */
 223:Drivers/STM32F3xx_HAL_Driver/Src/stm32f3xx_hal_uart_ex.c ****   temp = (AssertionTime << UART_CR1_DEAT_ADDRESS_LSB_POS);
 224:Drivers/STM32F3xx_HAL_Driver/Src/stm32f3xx_hal_uart_ex.c ****   temp |= (DeassertionTime << UART_CR1_DEDT_ADDRESS_LSB_POS);
  86              		.loc 1 224 0
  87 0048 2904     		lsls	r1, r5, #16
  88 004a 41EA4652 		orr	r2, r1, r6, lsl #21
  89              	.LVL5:
 225:Drivers/STM32F3xx_HAL_Driver/Src/stm32f3xx_hal_uart_ex.c ****   MODIFY_REG(huart->Instance->CR1, (USART_CR1_DEDT|USART_CR1_DEAT), temp);
  90              		.loc 1 225 0
  91 004e 2368     		ldr	r3, [r4]
  92 0050 1968     		ldr	r1, [r3]
  93 0052 21F07F71 		bic	r1, r1, #66846720
  94 0056 21F44031 		bic	r1, r1, #196608
  95 005a 1143     		orrs	r1, r1, r2
  96 005c 1960     		str	r1, [r3]
 226:Drivers/STM32F3xx_HAL_Driver/Src/stm32f3xx_hal_uart_ex.c **** 
 227:Drivers/STM32F3xx_HAL_Driver/Src/stm32f3xx_hal_uart_ex.c ****   /* Enable the Peripheral */
 228:Drivers/STM32F3xx_HAL_Driver/Src/stm32f3xx_hal_uart_ex.c ****   __HAL_UART_ENABLE(huart);
  97              		.loc 1 228 0
  98 005e 2268     		ldr	r2, [r4]
  99              	.LVL6:
 100 0060 1368     		ldr	r3, [r2]
 101 0062 43F00103 		orr	r3, r3, #1
 102 0066 1360     		str	r3, [r2]
 229:Drivers/STM32F3xx_HAL_Driver/Src/stm32f3xx_hal_uart_ex.c **** 
 230:Drivers/STM32F3xx_HAL_Driver/Src/stm32f3xx_hal_uart_ex.c ****   /* TEACK and/or REACK to check before moving huart->gState and huart->RxState to Ready */
 231:Drivers/STM32F3xx_HAL_Driver/Src/stm32f3xx_hal_uart_ex.c ****   return (UART_CheckIdleState(huart));
 103              		.loc 1 231 0
 104 0068 2046     		mov	r0, r4
 105 006a FFF7FEFF 		bl	UART_CheckIdleState
 106              	.LVL7:
 107              	.L2:
 232:Drivers/STM32F3xx_HAL_Driver/Src/stm32f3xx_hal_uart_ex.c **** }
 108              		.loc 1 232 0
 109 006e F8BD     		pop	{r3, r4, r5, r6, r7, pc}
 110              	.LVL8:
ARM GAS  /tmp/cc5yR3Yz.s 			page 7


 111              	.L10:
 194:Drivers/STM32F3xx_HAL_Driver/Src/stm32f3xx_hal_uart_ex.c **** 
 112              		.loc 1 194 0
 113 0070 80F86830 		strb	r3, [r0, #104]
 197:Drivers/STM32F3xx_HAL_Driver/Src/stm32f3xx_hal_uart_ex.c ****   }
 114              		.loc 1 197 0
 115 0074 FFF7FEFF 		bl	HAL_UART_MspInit
 116              	.LVL9:
 117 0078 CCE7     		b	.L3
 118              	.L11:
 213:Drivers/STM32F3xx_HAL_Driver/Src/stm32f3xx_hal_uart_ex.c ****   }
 119              		.loc 1 213 0
 120 007a 2046     		mov	r0, r4
 121 007c FFF7FEFF 		bl	UART_AdvFeatureConfig
 122              	.LVL10:
 123 0080 D7E7     		b	.L4
 124              	.LVL11:
 125              	.L5:
 126              	.LCFI1:
 127              		.cfi_def_cfa_offset 0
 128              		.cfi_restore 3
 129              		.cfi_restore 4
 130              		.cfi_restore 5
 131              		.cfi_restore 6
 132              		.cfi_restore 7
 133              		.cfi_restore 14
 177:Drivers/STM32F3xx_HAL_Driver/Src/stm32f3xx_hal_uart_ex.c ****   }
 134              		.loc 1 177 0
 135 0082 0120     		movs	r0, #1
 136              	.LVL12:
 137              		.loc 1 232 0
 138 0084 7047     		bx	lr
 139              		.cfi_endproc
 140              	.LFE126:
 142              		.section	.text.HAL_UARTEx_WakeupCallback,"ax",%progbits
 143              		.align	1
 144              		.weak	HAL_UARTEx_WakeupCallback
 145              		.syntax unified
 146              		.thumb
 147              		.thumb_func
 148              		.fpu fpv4-sp-d16
 150              	HAL_UARTEx_WakeupCallback:
 151              	.LFB127:
 233:Drivers/STM32F3xx_HAL_Driver/Src/stm32f3xx_hal_uart_ex.c **** 
 234:Drivers/STM32F3xx_HAL_Driver/Src/stm32f3xx_hal_uart_ex.c **** 
 235:Drivers/STM32F3xx_HAL_Driver/Src/stm32f3xx_hal_uart_ex.c **** /**
 236:Drivers/STM32F3xx_HAL_Driver/Src/stm32f3xx_hal_uart_ex.c ****   * @}
 237:Drivers/STM32F3xx_HAL_Driver/Src/stm32f3xx_hal_uart_ex.c ****   */
 238:Drivers/STM32F3xx_HAL_Driver/Src/stm32f3xx_hal_uart_ex.c **** 
 239:Drivers/STM32F3xx_HAL_Driver/Src/stm32f3xx_hal_uart_ex.c **** /** @defgroup UARTEx_Exported_Functions_Group2 Extended IO operation function 
 240:Drivers/STM32F3xx_HAL_Driver/Src/stm32f3xx_hal_uart_ex.c ****   * @brief    Extended UART Interrupt handling function 
 241:Drivers/STM32F3xx_HAL_Driver/Src/stm32f3xx_hal_uart_ex.c ****   *
 242:Drivers/STM32F3xx_HAL_Driver/Src/stm32f3xx_hal_uart_ex.c **** @verbatim
 243:Drivers/STM32F3xx_HAL_Driver/Src/stm32f3xx_hal_uart_ex.c ****  ===============================================================================
 244:Drivers/STM32F3xx_HAL_Driver/Src/stm32f3xx_hal_uart_ex.c ****                       ##### IO operation function #####
 245:Drivers/STM32F3xx_HAL_Driver/Src/stm32f3xx_hal_uart_ex.c ****  ===============================================================================
 246:Drivers/STM32F3xx_HAL_Driver/Src/stm32f3xx_hal_uart_ex.c ****     [..]
ARM GAS  /tmp/cc5yR3Yz.s 			page 8


 247:Drivers/STM32F3xx_HAL_Driver/Src/stm32f3xx_hal_uart_ex.c ****     This subsection provides functions allowing to manage the UART interrupts
 248:Drivers/STM32F3xx_HAL_Driver/Src/stm32f3xx_hal_uart_ex.c ****     and to handle Wake up interrupt call-back.
 249:Drivers/STM32F3xx_HAL_Driver/Src/stm32f3xx_hal_uart_ex.c ****         
 250:Drivers/STM32F3xx_HAL_Driver/Src/stm32f3xx_hal_uart_ex.c ****     (#) Callback provided in No_Blocking mode:
 251:Drivers/STM32F3xx_HAL_Driver/Src/stm32f3xx_hal_uart_ex.c ****         (++) HAL_UARTEx_WakeupCallback()
 252:Drivers/STM32F3xx_HAL_Driver/Src/stm32f3xx_hal_uart_ex.c **** 
 253:Drivers/STM32F3xx_HAL_Driver/Src/stm32f3xx_hal_uart_ex.c **** @endverbatim
 254:Drivers/STM32F3xx_HAL_Driver/Src/stm32f3xx_hal_uart_ex.c ****   * @{
 255:Drivers/STM32F3xx_HAL_Driver/Src/stm32f3xx_hal_uart_ex.c ****   */
 256:Drivers/STM32F3xx_HAL_Driver/Src/stm32f3xx_hal_uart_ex.c **** 
 257:Drivers/STM32F3xx_HAL_Driver/Src/stm32f3xx_hal_uart_ex.c **** 
 258:Drivers/STM32F3xx_HAL_Driver/Src/stm32f3xx_hal_uart_ex.c **** /**
 259:Drivers/STM32F3xx_HAL_Driver/Src/stm32f3xx_hal_uart_ex.c ****   * @brief  UART wakeup from Stop mode callback.
 260:Drivers/STM32F3xx_HAL_Driver/Src/stm32f3xx_hal_uart_ex.c ****   * @param  huart UART handle.
 261:Drivers/STM32F3xx_HAL_Driver/Src/stm32f3xx_hal_uart_ex.c ****   * @retval None
 262:Drivers/STM32F3xx_HAL_Driver/Src/stm32f3xx_hal_uart_ex.c ****   */
 263:Drivers/STM32F3xx_HAL_Driver/Src/stm32f3xx_hal_uart_ex.c **** __weak void HAL_UARTEx_WakeupCallback(UART_HandleTypeDef *huart)
 264:Drivers/STM32F3xx_HAL_Driver/Src/stm32f3xx_hal_uart_ex.c **** {
 152              		.loc 1 264 0
 153              		.cfi_startproc
 154              		@ args = 0, pretend = 0, frame = 0
 155              		@ frame_needed = 0, uses_anonymous_args = 0
 156              		@ link register save eliminated.
 157              	.LVL13:
 265:Drivers/STM32F3xx_HAL_Driver/Src/stm32f3xx_hal_uart_ex.c ****   /* Prevent unused argument(s) compilation warning */
 266:Drivers/STM32F3xx_HAL_Driver/Src/stm32f3xx_hal_uart_ex.c ****   UNUSED(huart);
 267:Drivers/STM32F3xx_HAL_Driver/Src/stm32f3xx_hal_uart_ex.c **** 
 268:Drivers/STM32F3xx_HAL_Driver/Src/stm32f3xx_hal_uart_ex.c ****   /* NOTE : This function should not be modified, when the callback is needed,
 269:Drivers/STM32F3xx_HAL_Driver/Src/stm32f3xx_hal_uart_ex.c ****             the HAL_UARTEx_WakeupCallback can be implemented in the user file.
 270:Drivers/STM32F3xx_HAL_Driver/Src/stm32f3xx_hal_uart_ex.c ****    */
 271:Drivers/STM32F3xx_HAL_Driver/Src/stm32f3xx_hal_uart_ex.c **** }
 158              		.loc 1 271 0
 159 0000 7047     		bx	lr
 160              		.cfi_endproc
 161              	.LFE127:
 163              		.section	.text.HAL_UARTEx_StopModeWakeUpSourceConfig,"ax",%progbits
 164              		.align	1
 165              		.global	HAL_UARTEx_StopModeWakeUpSourceConfig
 166              		.syntax unified
 167              		.thumb
 168              		.thumb_func
 169              		.fpu fpv4-sp-d16
 171              	HAL_UARTEx_StopModeWakeUpSourceConfig:
 172              	.LFB128:
 272:Drivers/STM32F3xx_HAL_Driver/Src/stm32f3xx_hal_uart_ex.c **** 
 273:Drivers/STM32F3xx_HAL_Driver/Src/stm32f3xx_hal_uart_ex.c **** /**
 274:Drivers/STM32F3xx_HAL_Driver/Src/stm32f3xx_hal_uart_ex.c ****   * @}
 275:Drivers/STM32F3xx_HAL_Driver/Src/stm32f3xx_hal_uart_ex.c ****   */
 276:Drivers/STM32F3xx_HAL_Driver/Src/stm32f3xx_hal_uart_ex.c **** 
 277:Drivers/STM32F3xx_HAL_Driver/Src/stm32f3xx_hal_uart_ex.c **** 
 278:Drivers/STM32F3xx_HAL_Driver/Src/stm32f3xx_hal_uart_ex.c **** /** @defgroup UARTEx_Exported_Functions_Group3 Extended Peripheral Control functions
 279:Drivers/STM32F3xx_HAL_Driver/Src/stm32f3xx_hal_uart_ex.c ****   * @brief    Extended Peripheral Control functions
 280:Drivers/STM32F3xx_HAL_Driver/Src/stm32f3xx_hal_uart_ex.c ****   *
 281:Drivers/STM32F3xx_HAL_Driver/Src/stm32f3xx_hal_uart_ex.c **** @verbatim
 282:Drivers/STM32F3xx_HAL_Driver/Src/stm32f3xx_hal_uart_ex.c ****  ===============================================================================
 283:Drivers/STM32F3xx_HAL_Driver/Src/stm32f3xx_hal_uart_ex.c ****                       ##### Peripheral Control functions #####
 284:Drivers/STM32F3xx_HAL_Driver/Src/stm32f3xx_hal_uart_ex.c ****  ===============================================================================
ARM GAS  /tmp/cc5yR3Yz.s 			page 9


 285:Drivers/STM32F3xx_HAL_Driver/Src/stm32f3xx_hal_uart_ex.c ****     [..]
 286:Drivers/STM32F3xx_HAL_Driver/Src/stm32f3xx_hal_uart_ex.c ****     This subsection provides extended functions allowing to control the UART.         
 287:Drivers/STM32F3xx_HAL_Driver/Src/stm32f3xx_hal_uart_ex.c ****      (+) HAL_UARTEx_StopModeWakeUpSourceConfig() API sets Wakeup from Stop mode interrupt flag sele
 288:Drivers/STM32F3xx_HAL_Driver/Src/stm32f3xx_hal_uart_ex.c ****      (+) HAL_UARTEx_EnableStopMode() API allows the UART to wake up the MCU from Stop mode as 
 289:Drivers/STM32F3xx_HAL_Driver/Src/stm32f3xx_hal_uart_ex.c ****          long as UART clock is HSI or LSE 
 290:Drivers/STM32F3xx_HAL_Driver/Src/stm32f3xx_hal_uart_ex.c ****      (+) HAL_UARTEx_DisableStopMode() API disables the above feature 
 291:Drivers/STM32F3xx_HAL_Driver/Src/stm32f3xx_hal_uart_ex.c ****      (+) HAL_MultiProcessorEx_AddressLength_Set() API optionally sets the UART node address
 292:Drivers/STM32F3xx_HAL_Driver/Src/stm32f3xx_hal_uart_ex.c ****          detection length to more than 4 bits for multiprocessor address mark wake up.
 293:Drivers/STM32F3xx_HAL_Driver/Src/stm32f3xx_hal_uart_ex.c **** @endverbatim
 294:Drivers/STM32F3xx_HAL_Driver/Src/stm32f3xx_hal_uart_ex.c ****   * @{
 295:Drivers/STM32F3xx_HAL_Driver/Src/stm32f3xx_hal_uart_ex.c ****   */
 296:Drivers/STM32F3xx_HAL_Driver/Src/stm32f3xx_hal_uart_ex.c **** 
 297:Drivers/STM32F3xx_HAL_Driver/Src/stm32f3xx_hal_uart_ex.c **** /**
 298:Drivers/STM32F3xx_HAL_Driver/Src/stm32f3xx_hal_uart_ex.c ****   * @brief Set Wakeup from Stop mode interrupt flag selection.
 299:Drivers/STM32F3xx_HAL_Driver/Src/stm32f3xx_hal_uart_ex.c ****   * @param huart UART handle.
 300:Drivers/STM32F3xx_HAL_Driver/Src/stm32f3xx_hal_uart_ex.c ****   * @param WakeUpSelection address match, Start Bit detection or RXNE bit status.
 301:Drivers/STM32F3xx_HAL_Driver/Src/stm32f3xx_hal_uart_ex.c ****   * This parameter can be one of the following values:
 302:Drivers/STM32F3xx_HAL_Driver/Src/stm32f3xx_hal_uart_ex.c ****   *      @arg @ref UART_WAKEUP_ON_ADDRESS
 303:Drivers/STM32F3xx_HAL_Driver/Src/stm32f3xx_hal_uart_ex.c ****   *      @arg @ref UART_WAKEUP_ON_STARTBIT
 304:Drivers/STM32F3xx_HAL_Driver/Src/stm32f3xx_hal_uart_ex.c ****   *      @arg @ref UART_WAKEUP_ON_READDATA_NONEMPTY
 305:Drivers/STM32F3xx_HAL_Driver/Src/stm32f3xx_hal_uart_ex.c ****   * @retval HAL status
 306:Drivers/STM32F3xx_HAL_Driver/Src/stm32f3xx_hal_uart_ex.c ****   */
 307:Drivers/STM32F3xx_HAL_Driver/Src/stm32f3xx_hal_uart_ex.c **** HAL_StatusTypeDef HAL_UARTEx_StopModeWakeUpSourceConfig(UART_HandleTypeDef *huart, UART_WakeUpTypeD
 308:Drivers/STM32F3xx_HAL_Driver/Src/stm32f3xx_hal_uart_ex.c **** {
 173              		.loc 1 308 0
 174              		.cfi_startproc
 175              		@ args = 0, pretend = 0, frame = 8
 176              		@ frame_needed = 0, uses_anonymous_args = 0
 177              	.LVL14:
 178 0000 10B5     		push	{r4, lr}
 179              	.LCFI2:
 180              		.cfi_def_cfa_offset 8
 181              		.cfi_offset 4, -8
 182              		.cfi_offset 14, -4
 183 0002 84B0     		sub	sp, sp, #16
 184              	.LCFI3:
 185              		.cfi_def_cfa_offset 24
 186 0004 04AB     		add	r3, sp, #16
 187 0006 03E90600 		stmdb	r3, {r1, r2}
 188              	.LVL15:
 309:Drivers/STM32F3xx_HAL_Driver/Src/stm32f3xx_hal_uart_ex.c ****   HAL_StatusTypeDef status = HAL_OK;
 310:Drivers/STM32F3xx_HAL_Driver/Src/stm32f3xx_hal_uart_ex.c ****   uint32_t tickstart = 0U;
 311:Drivers/STM32F3xx_HAL_Driver/Src/stm32f3xx_hal_uart_ex.c **** 
 312:Drivers/STM32F3xx_HAL_Driver/Src/stm32f3xx_hal_uart_ex.c ****   /* check the wake-up from stop mode UART instance */
 313:Drivers/STM32F3xx_HAL_Driver/Src/stm32f3xx_hal_uart_ex.c ****   assert_param(IS_UART_WAKEUP_FROMSTOP_INSTANCE(huart->Instance));
 314:Drivers/STM32F3xx_HAL_Driver/Src/stm32f3xx_hal_uart_ex.c ****   /* check the wake-up selection parameter */
 315:Drivers/STM32F3xx_HAL_Driver/Src/stm32f3xx_hal_uart_ex.c ****   assert_param(IS_UART_WAKEUP_SELECTION(WakeUpSelection.WakeUpEvent));
 316:Drivers/STM32F3xx_HAL_Driver/Src/stm32f3xx_hal_uart_ex.c **** 
 317:Drivers/STM32F3xx_HAL_Driver/Src/stm32f3xx_hal_uart_ex.c ****   /* Process Locked */
 318:Drivers/STM32F3xx_HAL_Driver/Src/stm32f3xx_hal_uart_ex.c ****   __HAL_LOCK(huart);
 189              		.loc 1 318 0
 190 000a 90F86830 		ldrb	r3, [r0, #104]	@ zero_extendqisi2
 191 000e 012B     		cmp	r3, #1
 192 0010 37D0     		beq	.L17
 193 0012 0446     		mov	r4, r0
 194              		.loc 1 318 0 is_stmt 0 discriminator 2
 195 0014 0123     		movs	r3, #1
ARM GAS  /tmp/cc5yR3Yz.s 			page 10


 196 0016 80F86830 		strb	r3, [r0, #104]
 319:Drivers/STM32F3xx_HAL_Driver/Src/stm32f3xx_hal_uart_ex.c **** 
 320:Drivers/STM32F3xx_HAL_Driver/Src/stm32f3xx_hal_uart_ex.c ****   huart->gState = HAL_UART_STATE_BUSY;
 197              		.loc 1 320 0 is_stmt 1 discriminator 2
 198 001a 2423     		movs	r3, #36
 199 001c 80F86930 		strb	r3, [r0, #105]
 321:Drivers/STM32F3xx_HAL_Driver/Src/stm32f3xx_hal_uart_ex.c **** 
 322:Drivers/STM32F3xx_HAL_Driver/Src/stm32f3xx_hal_uart_ex.c ****   /* Disable the Peripheral */
 323:Drivers/STM32F3xx_HAL_Driver/Src/stm32f3xx_hal_uart_ex.c ****   __HAL_UART_DISABLE(huart);
 200              		.loc 1 323 0 discriminator 2
 201 0020 0268     		ldr	r2, [r0]
 202 0022 1368     		ldr	r3, [r2]
 203 0024 23F00103 		bic	r3, r3, #1
 204 0028 1360     		str	r3, [r2]
 324:Drivers/STM32F3xx_HAL_Driver/Src/stm32f3xx_hal_uart_ex.c **** 
 325:Drivers/STM32F3xx_HAL_Driver/Src/stm32f3xx_hal_uart_ex.c ****   /* Set the wake-up selection scheme */
 326:Drivers/STM32F3xx_HAL_Driver/Src/stm32f3xx_hal_uart_ex.c ****   MODIFY_REG(huart->Instance->CR3, USART_CR3_WUS, WakeUpSelection.WakeUpEvent);
 205              		.loc 1 326 0 discriminator 2
 206 002a 0168     		ldr	r1, [r0]
 207 002c 8B68     		ldr	r3, [r1, #8]
 208 002e 23F44013 		bic	r3, r3, #3145728
 209 0032 029A     		ldr	r2, [sp, #8]
 210 0034 1343     		orrs	r3, r3, r2
 211 0036 8B60     		str	r3, [r1, #8]
 327:Drivers/STM32F3xx_HAL_Driver/Src/stm32f3xx_hal_uart_ex.c **** 
 328:Drivers/STM32F3xx_HAL_Driver/Src/stm32f3xx_hal_uart_ex.c ****   if (WakeUpSelection.WakeUpEvent == UART_WAKEUP_ON_ADDRESS)
 212              		.loc 1 328 0 discriminator 2
 213 0038 B2B1     		cbz	r2, .L20
 214              	.LVL16:
 215              	.L15:
 329:Drivers/STM32F3xx_HAL_Driver/Src/stm32f3xx_hal_uart_ex.c ****   {
 330:Drivers/STM32F3xx_HAL_Driver/Src/stm32f3xx_hal_uart_ex.c ****     UART_Wakeup_AddressConfig(huart, WakeUpSelection);
 331:Drivers/STM32F3xx_HAL_Driver/Src/stm32f3xx_hal_uart_ex.c ****   }
 332:Drivers/STM32F3xx_HAL_Driver/Src/stm32f3xx_hal_uart_ex.c **** 
 333:Drivers/STM32F3xx_HAL_Driver/Src/stm32f3xx_hal_uart_ex.c ****   /* Enable the Peripheral */
 334:Drivers/STM32F3xx_HAL_Driver/Src/stm32f3xx_hal_uart_ex.c ****   __HAL_UART_ENABLE(huart);
 216              		.loc 1 334 0
 217 003a 2268     		ldr	r2, [r4]
 218 003c 1368     		ldr	r3, [r2]
 219 003e 43F00103 		orr	r3, r3, #1
 220 0042 1360     		str	r3, [r2]
 335:Drivers/STM32F3xx_HAL_Driver/Src/stm32f3xx_hal_uart_ex.c **** 
 336:Drivers/STM32F3xx_HAL_Driver/Src/stm32f3xx_hal_uart_ex.c ****   /* Init tickstart for timeout managment*/
 337:Drivers/STM32F3xx_HAL_Driver/Src/stm32f3xx_hal_uart_ex.c ****   tickstart = HAL_GetTick();
 221              		.loc 1 337 0
 222 0044 FFF7FEFF 		bl	HAL_GetTick
 223              	.LVL17:
 338:Drivers/STM32F3xx_HAL_Driver/Src/stm32f3xx_hal_uart_ex.c **** 
 339:Drivers/STM32F3xx_HAL_Driver/Src/stm32f3xx_hal_uart_ex.c ****   /* Wait until REACK flag is set */
 340:Drivers/STM32F3xx_HAL_Driver/Src/stm32f3xx_hal_uart_ex.c ****   if(UART_WaitOnFlagUntilTimeout(huart, USART_ISR_REACK, RESET, tickstart, HAL_UART_TIMEOUT_VALUE) 
 224              		.loc 1 340 0
 225 0048 6FF07E43 		mvn	r3, #-33554432
 226 004c 0093     		str	r3, [sp]
 227 004e 0346     		mov	r3, r0
 228 0050 0022     		movs	r2, #0
 229 0052 4FF48001 		mov	r1, #4194304
 230 0056 2046     		mov	r0, r4
ARM GAS  /tmp/cc5yR3Yz.s 			page 11


 231              	.LVL18:
 232 0058 FFF7FEFF 		bl	UART_WaitOnFlagUntilTimeout
 233              	.LVL19:
 234 005c 0346     		mov	r3, r0
 235 005e 48B9     		cbnz	r0, .L18
 341:Drivers/STM32F3xx_HAL_Driver/Src/stm32f3xx_hal_uart_ex.c ****   {
 342:Drivers/STM32F3xx_HAL_Driver/Src/stm32f3xx_hal_uart_ex.c ****     status = HAL_TIMEOUT;
 343:Drivers/STM32F3xx_HAL_Driver/Src/stm32f3xx_hal_uart_ex.c ****   }
 344:Drivers/STM32F3xx_HAL_Driver/Src/stm32f3xx_hal_uart_ex.c ****   else
 345:Drivers/STM32F3xx_HAL_Driver/Src/stm32f3xx_hal_uart_ex.c ****   {
 346:Drivers/STM32F3xx_HAL_Driver/Src/stm32f3xx_hal_uart_ex.c ****     /* Initialize the UART State */
 347:Drivers/STM32F3xx_HAL_Driver/Src/stm32f3xx_hal_uart_ex.c ****     huart->gState = HAL_UART_STATE_READY;
 236              		.loc 1 347 0
 237 0060 2022     		movs	r2, #32
 238 0062 84F86920 		strb	r2, [r4, #105]
 239 0066 06E0     		b	.L16
 240              	.LVL20:
 241              	.L20:
 330:Drivers/STM32F3xx_HAL_Driver/Src/stm32f3xx_hal_uart_ex.c ****   }
 242              		.loc 1 330 0
 243 0068 04AB     		add	r3, sp, #16
 244 006a 13E90600 		ldmdb	r3, {r1, r2}
 245 006e FFF7FEFF 		bl	UART_Wakeup_AddressConfig
 246              	.LVL21:
 247 0072 E2E7     		b	.L15
 248              	.LVL22:
 249              	.L18:
 342:Drivers/STM32F3xx_HAL_Driver/Src/stm32f3xx_hal_uart_ex.c ****   }
 250              		.loc 1 342 0
 251 0074 0323     		movs	r3, #3
 252              	.L16:
 253              	.LVL23:
 348:Drivers/STM32F3xx_HAL_Driver/Src/stm32f3xx_hal_uart_ex.c ****   }
 349:Drivers/STM32F3xx_HAL_Driver/Src/stm32f3xx_hal_uart_ex.c **** 
 350:Drivers/STM32F3xx_HAL_Driver/Src/stm32f3xx_hal_uart_ex.c ****   /* Process Unlocked */
 351:Drivers/STM32F3xx_HAL_Driver/Src/stm32f3xx_hal_uart_ex.c ****   __HAL_UNLOCK(huart);
 254              		.loc 1 351 0
 255 0076 0022     		movs	r2, #0
 256 0078 84F86820 		strb	r2, [r4, #104]
 257              	.LVL24:
 258              	.L14:
 352:Drivers/STM32F3xx_HAL_Driver/Src/stm32f3xx_hal_uart_ex.c **** 
 353:Drivers/STM32F3xx_HAL_Driver/Src/stm32f3xx_hal_uart_ex.c ****   return status;
 354:Drivers/STM32F3xx_HAL_Driver/Src/stm32f3xx_hal_uart_ex.c **** }
 259              		.loc 1 354 0
 260 007c 1846     		mov	r0, r3
 261 007e 04B0     		add	sp, sp, #16
 262              	.LCFI4:
 263              		.cfi_remember_state
 264              		.cfi_def_cfa_offset 8
 265              		@ sp needed
 266 0080 10BD     		pop	{r4, pc}
 267              	.LVL25:
 268              	.L17:
 269              	.LCFI5:
 270              		.cfi_restore_state
 318:Drivers/STM32F3xx_HAL_Driver/Src/stm32f3xx_hal_uart_ex.c **** 
ARM GAS  /tmp/cc5yR3Yz.s 			page 12


 271              		.loc 1 318 0
 272 0082 0223     		movs	r3, #2
 273 0084 FAE7     		b	.L14
 274              		.cfi_endproc
 275              	.LFE128:
 277              		.section	.text.HAL_UARTEx_EnableStopMode,"ax",%progbits
 278              		.align	1
 279              		.global	HAL_UARTEx_EnableStopMode
 280              		.syntax unified
 281              		.thumb
 282              		.thumb_func
 283              		.fpu fpv4-sp-d16
 285              	HAL_UARTEx_EnableStopMode:
 286              	.LFB129:
 355:Drivers/STM32F3xx_HAL_Driver/Src/stm32f3xx_hal_uart_ex.c **** 
 356:Drivers/STM32F3xx_HAL_Driver/Src/stm32f3xx_hal_uart_ex.c **** 
 357:Drivers/STM32F3xx_HAL_Driver/Src/stm32f3xx_hal_uart_ex.c **** /**
 358:Drivers/STM32F3xx_HAL_Driver/Src/stm32f3xx_hal_uart_ex.c ****   * @brief Enable UART Stop Mode.
 359:Drivers/STM32F3xx_HAL_Driver/Src/stm32f3xx_hal_uart_ex.c ****   * @note  The UART is able to wake up the MCU from Stop mode as long as UART clock is HSI or LSE.
 360:Drivers/STM32F3xx_HAL_Driver/Src/stm32f3xx_hal_uart_ex.c ****   * @param huart UART handle.
 361:Drivers/STM32F3xx_HAL_Driver/Src/stm32f3xx_hal_uart_ex.c ****   * @retval HAL status
 362:Drivers/STM32F3xx_HAL_Driver/Src/stm32f3xx_hal_uart_ex.c ****   */
 363:Drivers/STM32F3xx_HAL_Driver/Src/stm32f3xx_hal_uart_ex.c **** HAL_StatusTypeDef HAL_UARTEx_EnableStopMode(UART_HandleTypeDef *huart)
 364:Drivers/STM32F3xx_HAL_Driver/Src/stm32f3xx_hal_uart_ex.c **** {
 287              		.loc 1 364 0
 288              		.cfi_startproc
 289              		@ args = 0, pretend = 0, frame = 0
 290              		@ frame_needed = 0, uses_anonymous_args = 0
 291              		@ link register save eliminated.
 292              	.LVL26:
 365:Drivers/STM32F3xx_HAL_Driver/Src/stm32f3xx_hal_uart_ex.c ****   /* Check parameter */
 366:Drivers/STM32F3xx_HAL_Driver/Src/stm32f3xx_hal_uart_ex.c ****   assert_param(IS_UART_WAKEUP_FROMSTOP_INSTANCE(huart->Instance));
 367:Drivers/STM32F3xx_HAL_Driver/Src/stm32f3xx_hal_uart_ex.c **** 
 368:Drivers/STM32F3xx_HAL_Driver/Src/stm32f3xx_hal_uart_ex.c ****   /* Process Locked */
 369:Drivers/STM32F3xx_HAL_Driver/Src/stm32f3xx_hal_uart_ex.c ****   __HAL_LOCK(huart);
 293              		.loc 1 369 0
 294 0000 90F86830 		ldrb	r3, [r0, #104]	@ zero_extendqisi2
 295 0004 012B     		cmp	r3, #1
 296 0006 12D0     		beq	.L23
 297              		.loc 1 369 0 is_stmt 0 discriminator 2
 298 0008 0123     		movs	r3, #1
 299 000a 80F86830 		strb	r3, [r0, #104]
 370:Drivers/STM32F3xx_HAL_Driver/Src/stm32f3xx_hal_uart_ex.c **** 
 371:Drivers/STM32F3xx_HAL_Driver/Src/stm32f3xx_hal_uart_ex.c ****   huart->gState = HAL_UART_STATE_BUSY;
 300              		.loc 1 371 0 is_stmt 1 discriminator 2
 301 000e 2423     		movs	r3, #36
 302 0010 80F86930 		strb	r3, [r0, #105]
 372:Drivers/STM32F3xx_HAL_Driver/Src/stm32f3xx_hal_uart_ex.c **** 
 373:Drivers/STM32F3xx_HAL_Driver/Src/stm32f3xx_hal_uart_ex.c ****   /* Set UESM bit */
 374:Drivers/STM32F3xx_HAL_Driver/Src/stm32f3xx_hal_uart_ex.c ****   SET_BIT(huart->Instance->CR1, USART_CR1_UESM);
 303              		.loc 1 374 0 discriminator 2
 304 0014 0268     		ldr	r2, [r0]
 305 0016 1368     		ldr	r3, [r2]
 306 0018 43F00203 		orr	r3, r3, #2
 307 001c 1360     		str	r3, [r2]
 375:Drivers/STM32F3xx_HAL_Driver/Src/stm32f3xx_hal_uart_ex.c **** 
 376:Drivers/STM32F3xx_HAL_Driver/Src/stm32f3xx_hal_uart_ex.c ****   huart->gState = HAL_UART_STATE_READY;
ARM GAS  /tmp/cc5yR3Yz.s 			page 13


 308              		.loc 1 376 0 discriminator 2
 309 001e 2023     		movs	r3, #32
 310 0020 80F86930 		strb	r3, [r0, #105]
 377:Drivers/STM32F3xx_HAL_Driver/Src/stm32f3xx_hal_uart_ex.c **** 
 378:Drivers/STM32F3xx_HAL_Driver/Src/stm32f3xx_hal_uart_ex.c ****   /* Process Unlocked */
 379:Drivers/STM32F3xx_HAL_Driver/Src/stm32f3xx_hal_uart_ex.c ****   __HAL_UNLOCK(huart);
 311              		.loc 1 379 0 discriminator 2
 312 0024 0023     		movs	r3, #0
 313 0026 80F86830 		strb	r3, [r0, #104]
 380:Drivers/STM32F3xx_HAL_Driver/Src/stm32f3xx_hal_uart_ex.c **** 
 381:Drivers/STM32F3xx_HAL_Driver/Src/stm32f3xx_hal_uart_ex.c ****   return HAL_OK;
 314              		.loc 1 381 0 discriminator 2
 315 002a 1846     		mov	r0, r3
 316              	.LVL27:
 317 002c 7047     		bx	lr
 318              	.LVL28:
 319              	.L23:
 369:Drivers/STM32F3xx_HAL_Driver/Src/stm32f3xx_hal_uart_ex.c **** 
 320              		.loc 1 369 0
 321 002e 0220     		movs	r0, #2
 322              	.LVL29:
 382:Drivers/STM32F3xx_HAL_Driver/Src/stm32f3xx_hal_uart_ex.c **** }
 323              		.loc 1 382 0
 324 0030 7047     		bx	lr
 325              		.cfi_endproc
 326              	.LFE129:
 328              		.section	.text.HAL_UARTEx_DisableStopMode,"ax",%progbits
 329              		.align	1
 330              		.global	HAL_UARTEx_DisableStopMode
 331              		.syntax unified
 332              		.thumb
 333              		.thumb_func
 334              		.fpu fpv4-sp-d16
 336              	HAL_UARTEx_DisableStopMode:
 337              	.LFB130:
 383:Drivers/STM32F3xx_HAL_Driver/Src/stm32f3xx_hal_uart_ex.c **** 
 384:Drivers/STM32F3xx_HAL_Driver/Src/stm32f3xx_hal_uart_ex.c **** /**
 385:Drivers/STM32F3xx_HAL_Driver/Src/stm32f3xx_hal_uart_ex.c ****   * @brief Disable UART Stop Mode.
 386:Drivers/STM32F3xx_HAL_Driver/Src/stm32f3xx_hal_uart_ex.c ****   * @param huart UART handle.
 387:Drivers/STM32F3xx_HAL_Driver/Src/stm32f3xx_hal_uart_ex.c ****   * @retval HAL status
 388:Drivers/STM32F3xx_HAL_Driver/Src/stm32f3xx_hal_uart_ex.c ****   */
 389:Drivers/STM32F3xx_HAL_Driver/Src/stm32f3xx_hal_uart_ex.c **** HAL_StatusTypeDef HAL_UARTEx_DisableStopMode(UART_HandleTypeDef *huart)
 390:Drivers/STM32F3xx_HAL_Driver/Src/stm32f3xx_hal_uart_ex.c **** {
 338              		.loc 1 390 0
 339              		.cfi_startproc
 340              		@ args = 0, pretend = 0, frame = 0
 341              		@ frame_needed = 0, uses_anonymous_args = 0
 342              		@ link register save eliminated.
 343              	.LVL30:
 391:Drivers/STM32F3xx_HAL_Driver/Src/stm32f3xx_hal_uart_ex.c ****   /* Check parameter */
 392:Drivers/STM32F3xx_HAL_Driver/Src/stm32f3xx_hal_uart_ex.c ****   assert_param(IS_UART_WAKEUP_FROMSTOP_INSTANCE(huart->Instance));
 393:Drivers/STM32F3xx_HAL_Driver/Src/stm32f3xx_hal_uart_ex.c **** 
 394:Drivers/STM32F3xx_HAL_Driver/Src/stm32f3xx_hal_uart_ex.c ****   /* Process Locked */
 395:Drivers/STM32F3xx_HAL_Driver/Src/stm32f3xx_hal_uart_ex.c ****   __HAL_LOCK(huart);
 344              		.loc 1 395 0
 345 0000 90F86830 		ldrb	r3, [r0, #104]	@ zero_extendqisi2
 346 0004 012B     		cmp	r3, #1
ARM GAS  /tmp/cc5yR3Yz.s 			page 14


 347 0006 12D0     		beq	.L26
 348              		.loc 1 395 0 is_stmt 0 discriminator 2
 349 0008 0123     		movs	r3, #1
 350 000a 80F86830 		strb	r3, [r0, #104]
 396:Drivers/STM32F3xx_HAL_Driver/Src/stm32f3xx_hal_uart_ex.c **** 
 397:Drivers/STM32F3xx_HAL_Driver/Src/stm32f3xx_hal_uart_ex.c ****   huart->gState = HAL_UART_STATE_BUSY;
 351              		.loc 1 397 0 is_stmt 1 discriminator 2
 352 000e 2423     		movs	r3, #36
 353 0010 80F86930 		strb	r3, [r0, #105]
 398:Drivers/STM32F3xx_HAL_Driver/Src/stm32f3xx_hal_uart_ex.c **** 
 399:Drivers/STM32F3xx_HAL_Driver/Src/stm32f3xx_hal_uart_ex.c ****   /* Clear UESM bit */
 400:Drivers/STM32F3xx_HAL_Driver/Src/stm32f3xx_hal_uart_ex.c ****   CLEAR_BIT(huart->Instance->CR1, USART_CR1_UESM);
 354              		.loc 1 400 0 discriminator 2
 355 0014 0268     		ldr	r2, [r0]
 356 0016 1368     		ldr	r3, [r2]
 357 0018 23F00203 		bic	r3, r3, #2
 358 001c 1360     		str	r3, [r2]
 401:Drivers/STM32F3xx_HAL_Driver/Src/stm32f3xx_hal_uart_ex.c **** 
 402:Drivers/STM32F3xx_HAL_Driver/Src/stm32f3xx_hal_uart_ex.c ****   huart->gState = HAL_UART_STATE_READY;
 359              		.loc 1 402 0 discriminator 2
 360 001e 2023     		movs	r3, #32
 361 0020 80F86930 		strb	r3, [r0, #105]
 403:Drivers/STM32F3xx_HAL_Driver/Src/stm32f3xx_hal_uart_ex.c **** 
 404:Drivers/STM32F3xx_HAL_Driver/Src/stm32f3xx_hal_uart_ex.c ****   /* Process Unlocked */
 405:Drivers/STM32F3xx_HAL_Driver/Src/stm32f3xx_hal_uart_ex.c ****   __HAL_UNLOCK(huart);
 362              		.loc 1 405 0 discriminator 2
 363 0024 0023     		movs	r3, #0
 364 0026 80F86830 		strb	r3, [r0, #104]
 406:Drivers/STM32F3xx_HAL_Driver/Src/stm32f3xx_hal_uart_ex.c **** 
 407:Drivers/STM32F3xx_HAL_Driver/Src/stm32f3xx_hal_uart_ex.c ****   return HAL_OK;
 365              		.loc 1 407 0 discriminator 2
 366 002a 1846     		mov	r0, r3
 367              	.LVL31:
 368 002c 7047     		bx	lr
 369              	.LVL32:
 370              	.L26:
 395:Drivers/STM32F3xx_HAL_Driver/Src/stm32f3xx_hal_uart_ex.c **** 
 371              		.loc 1 395 0
 372 002e 0220     		movs	r0, #2
 373              	.LVL33:
 408:Drivers/STM32F3xx_HAL_Driver/Src/stm32f3xx_hal_uart_ex.c **** }
 374              		.loc 1 408 0
 375 0030 7047     		bx	lr
 376              		.cfi_endproc
 377              	.LFE130:
 379              		.section	.text.HAL_MultiProcessorEx_AddressLength_Set,"ax",%progbits
 380              		.align	1
 381              		.global	HAL_MultiProcessorEx_AddressLength_Set
 382              		.syntax unified
 383              		.thumb
 384              		.thumb_func
 385              		.fpu fpv4-sp-d16
 387              	HAL_MultiProcessorEx_AddressLength_Set:
 388              	.LFB131:
 409:Drivers/STM32F3xx_HAL_Driver/Src/stm32f3xx_hal_uart_ex.c **** 
 410:Drivers/STM32F3xx_HAL_Driver/Src/stm32f3xx_hal_uart_ex.c **** /**
 411:Drivers/STM32F3xx_HAL_Driver/Src/stm32f3xx_hal_uart_ex.c ****   * @brief By default in multiprocessor mode, when the wake up method is set
ARM GAS  /tmp/cc5yR3Yz.s 			page 15


 412:Drivers/STM32F3xx_HAL_Driver/Src/stm32f3xx_hal_uart_ex.c ****   *        to address mark, the UART handles only 4-bit long addresses detection;
 413:Drivers/STM32F3xx_HAL_Driver/Src/stm32f3xx_hal_uart_ex.c ****   *        this API allows to enable longer addresses detection (6-, 7- or 8-bit
 414:Drivers/STM32F3xx_HAL_Driver/Src/stm32f3xx_hal_uart_ex.c ****   *        long).
 415:Drivers/STM32F3xx_HAL_Driver/Src/stm32f3xx_hal_uart_ex.c ****   * @note  Addresses detection lengths are: 6-bit address detection in 7-bit data mode, 
 416:Drivers/STM32F3xx_HAL_Driver/Src/stm32f3xx_hal_uart_ex.c ****   *        7-bit address detection in 8-bit data mode, 8-bit address detection in 9-bit data mode.
 417:Drivers/STM32F3xx_HAL_Driver/Src/stm32f3xx_hal_uart_ex.c ****   * @param huart UART handle.
 418:Drivers/STM32F3xx_HAL_Driver/Src/stm32f3xx_hal_uart_ex.c ****   * @param AddressLength this parameter can be one of the following values:
 419:Drivers/STM32F3xx_HAL_Driver/Src/stm32f3xx_hal_uart_ex.c ****   *          @arg @ref UART_ADDRESS_DETECT_4B 4-bit long address
 420:Drivers/STM32F3xx_HAL_Driver/Src/stm32f3xx_hal_uart_ex.c ****   *          @arg @ref UART_ADDRESS_DETECT_7B 6-, 7- or 8-bit long address
 421:Drivers/STM32F3xx_HAL_Driver/Src/stm32f3xx_hal_uart_ex.c ****   * @retval HAL status
 422:Drivers/STM32F3xx_HAL_Driver/Src/stm32f3xx_hal_uart_ex.c ****   */
 423:Drivers/STM32F3xx_HAL_Driver/Src/stm32f3xx_hal_uart_ex.c **** HAL_StatusTypeDef HAL_MultiProcessorEx_AddressLength_Set(UART_HandleTypeDef *huart, uint32_t Addres
 424:Drivers/STM32F3xx_HAL_Driver/Src/stm32f3xx_hal_uart_ex.c **** {
 389              		.loc 1 424 0
 390              		.cfi_startproc
 391              		@ args = 0, pretend = 0, frame = 0
 392              		@ frame_needed = 0, uses_anonymous_args = 0
 393              	.LVL34:
 425:Drivers/STM32F3xx_HAL_Driver/Src/stm32f3xx_hal_uart_ex.c ****   /* Check the UART handle allocation */
 426:Drivers/STM32F3xx_HAL_Driver/Src/stm32f3xx_hal_uart_ex.c ****   if(huart == NULL)
 394              		.loc 1 426 0
 395 0000 B0B1     		cbz	r0, .L29
 424:Drivers/STM32F3xx_HAL_Driver/Src/stm32f3xx_hal_uart_ex.c ****   /* Check the UART handle allocation */
 396              		.loc 1 424 0
 397 0002 08B5     		push	{r3, lr}
 398              	.LCFI6:
 399              		.cfi_def_cfa_offset 8
 400              		.cfi_offset 3, -8
 401              		.cfi_offset 14, -4
 427:Drivers/STM32F3xx_HAL_Driver/Src/stm32f3xx_hal_uart_ex.c ****   {
 428:Drivers/STM32F3xx_HAL_Driver/Src/stm32f3xx_hal_uart_ex.c ****     return HAL_ERROR;
 429:Drivers/STM32F3xx_HAL_Driver/Src/stm32f3xx_hal_uart_ex.c ****   }
 430:Drivers/STM32F3xx_HAL_Driver/Src/stm32f3xx_hal_uart_ex.c **** 
 431:Drivers/STM32F3xx_HAL_Driver/Src/stm32f3xx_hal_uart_ex.c ****   /* Check the address length parameter */
 432:Drivers/STM32F3xx_HAL_Driver/Src/stm32f3xx_hal_uart_ex.c ****   assert_param(IS_UART_ADDRESSLENGTH_DETECT(AddressLength));
 433:Drivers/STM32F3xx_HAL_Driver/Src/stm32f3xx_hal_uart_ex.c **** 
 434:Drivers/STM32F3xx_HAL_Driver/Src/stm32f3xx_hal_uart_ex.c ****   huart->gState = HAL_UART_STATE_BUSY;
 402              		.loc 1 434 0
 403 0004 2423     		movs	r3, #36
 404 0006 80F86930 		strb	r3, [r0, #105]
 435:Drivers/STM32F3xx_HAL_Driver/Src/stm32f3xx_hal_uart_ex.c **** 
 436:Drivers/STM32F3xx_HAL_Driver/Src/stm32f3xx_hal_uart_ex.c ****   /* Disable the Peripheral */
 437:Drivers/STM32F3xx_HAL_Driver/Src/stm32f3xx_hal_uart_ex.c ****   __HAL_UART_DISABLE(huart);
 405              		.loc 1 437 0
 406 000a 0268     		ldr	r2, [r0]
 407 000c 1368     		ldr	r3, [r2]
 408 000e 23F00103 		bic	r3, r3, #1
 409 0012 1360     		str	r3, [r2]
 438:Drivers/STM32F3xx_HAL_Driver/Src/stm32f3xx_hal_uart_ex.c **** 
 439:Drivers/STM32F3xx_HAL_Driver/Src/stm32f3xx_hal_uart_ex.c ****   /* Set the address length */
 440:Drivers/STM32F3xx_HAL_Driver/Src/stm32f3xx_hal_uart_ex.c ****   MODIFY_REG(huart->Instance->CR2, USART_CR2_ADDM7, AddressLength);
 410              		.loc 1 440 0
 411 0014 0268     		ldr	r2, [r0]
 412 0016 5368     		ldr	r3, [r2, #4]
 413 0018 23F01003 		bic	r3, r3, #16
 414 001c 1943     		orrs	r1, r1, r3
 415              	.LVL35:
ARM GAS  /tmp/cc5yR3Yz.s 			page 16


 416 001e 5160     		str	r1, [r2, #4]
 441:Drivers/STM32F3xx_HAL_Driver/Src/stm32f3xx_hal_uart_ex.c **** 
 442:Drivers/STM32F3xx_HAL_Driver/Src/stm32f3xx_hal_uart_ex.c ****   /* Enable the Peripheral */
 443:Drivers/STM32F3xx_HAL_Driver/Src/stm32f3xx_hal_uart_ex.c ****   __HAL_UART_ENABLE(huart);
 417              		.loc 1 443 0
 418 0020 0268     		ldr	r2, [r0]
 419 0022 1368     		ldr	r3, [r2]
 420 0024 43F00103 		orr	r3, r3, #1
 421 0028 1360     		str	r3, [r2]
 444:Drivers/STM32F3xx_HAL_Driver/Src/stm32f3xx_hal_uart_ex.c **** 
 445:Drivers/STM32F3xx_HAL_Driver/Src/stm32f3xx_hal_uart_ex.c ****   /* TEACK and/or REACK to check before moving huart->gState to Ready */
 446:Drivers/STM32F3xx_HAL_Driver/Src/stm32f3xx_hal_uart_ex.c ****   return (UART_CheckIdleState(huart));
 422              		.loc 1 446 0
 423 002a FFF7FEFF 		bl	UART_CheckIdleState
 424              	.LVL36:
 447:Drivers/STM32F3xx_HAL_Driver/Src/stm32f3xx_hal_uart_ex.c **** }
 425              		.loc 1 447 0
 426 002e 08BD     		pop	{r3, pc}
 427              	.LVL37:
 428              	.L29:
 429              	.LCFI7:
 430              		.cfi_def_cfa_offset 0
 431              		.cfi_restore 3
 432              		.cfi_restore 14
 428:Drivers/STM32F3xx_HAL_Driver/Src/stm32f3xx_hal_uart_ex.c ****   }
 433              		.loc 1 428 0
 434 0030 0120     		movs	r0, #1
 435              	.LVL38:
 436              		.loc 1 447 0
 437 0032 7047     		bx	lr
 438              		.cfi_endproc
 439              	.LFE131:
 441              		.text
 442              	.Letext0:
 443              		.file 2 "/usr/include/newlib/machine/_default_types.h"
 444              		.file 3 "/usr/include/newlib/sys/_stdint.h"
 445              		.file 4 "Drivers/CMSIS/Include/core_cm4.h"
 446              		.file 5 "Drivers/CMSIS/Device/ST/STM32F3xx/Include/system_stm32f3xx.h"
 447              		.file 6 "Drivers/CMSIS/Device/ST/STM32F3xx/Include/stm32f303xe.h"
 448              		.file 7 "/usr/include/newlib/sys/lock.h"
 449              		.file 8 "/usr/include/newlib/sys/_types.h"
 450              		.file 9 "/usr/lib/gcc/arm-none-eabi/7.3.1/include/stddef.h"
 451              		.file 10 "/usr/include/newlib/sys/reent.h"
 452              		.file 11 "Drivers/CMSIS/Device/ST/STM32F3xx/Include/stm32f3xx.h"
 453              		.file 12 "Drivers/STM32F3xx_HAL_Driver/Inc/stm32f3xx_hal_def.h"
 454              		.file 13 "Drivers/STM32F3xx_HAL_Driver/Inc/stm32f3xx_hal_dma.h"
 455              		.file 14 "Drivers/STM32F3xx_HAL_Driver/Inc/stm32f3xx_hal_uart.h"
 456              		.file 15 "Drivers/STM32F3xx_HAL_Driver/Inc/stm32f3xx_hal.h"
ARM GAS  /tmp/cc5yR3Yz.s 			page 17


DEFINED SYMBOLS
                            *ABS*:0000000000000000 stm32f3xx_hal_uart_ex.c
     /tmp/cc5yR3Yz.s:18     .text.HAL_RS485Ex_Init:0000000000000000 $t
     /tmp/cc5yR3Yz.s:25     .text.HAL_RS485Ex_Init:0000000000000000 HAL_RS485Ex_Init
     /tmp/cc5yR3Yz.s:143    .text.HAL_UARTEx_WakeupCallback:0000000000000000 $t
     /tmp/cc5yR3Yz.s:150    .text.HAL_UARTEx_WakeupCallback:0000000000000000 HAL_UARTEx_WakeupCallback
     /tmp/cc5yR3Yz.s:164    .text.HAL_UARTEx_StopModeWakeUpSourceConfig:0000000000000000 $t
     /tmp/cc5yR3Yz.s:171    .text.HAL_UARTEx_StopModeWakeUpSourceConfig:0000000000000000 HAL_UARTEx_StopModeWakeUpSourceConfig
     /tmp/cc5yR3Yz.s:278    .text.HAL_UARTEx_EnableStopMode:0000000000000000 $t
     /tmp/cc5yR3Yz.s:285    .text.HAL_UARTEx_EnableStopMode:0000000000000000 HAL_UARTEx_EnableStopMode
     /tmp/cc5yR3Yz.s:329    .text.HAL_UARTEx_DisableStopMode:0000000000000000 $t
     /tmp/cc5yR3Yz.s:336    .text.HAL_UARTEx_DisableStopMode:0000000000000000 HAL_UARTEx_DisableStopMode
     /tmp/cc5yR3Yz.s:380    .text.HAL_MultiProcessorEx_AddressLength_Set:0000000000000000 $t
     /tmp/cc5yR3Yz.s:387    .text.HAL_MultiProcessorEx_AddressLength_Set:0000000000000000 HAL_MultiProcessorEx_AddressLength_Set

UNDEFINED SYMBOLS
UART_SetConfig
UART_CheckIdleState
HAL_UART_MspInit
UART_AdvFeatureConfig
HAL_GetTick
UART_WaitOnFlagUntilTimeout
UART_Wakeup_AddressConfig
