ARM GAS  /tmp/ccPoHkei.s 			page 1


   1              		.cpu cortex-m4
   2              		.eabi_attribute 27, 1
   3              		.eabi_attribute 28, 1
   4              		.eabi_attribute 20, 1
   5              		.eabi_attribute 21, 1
   6              		.eabi_attribute 23, 3
   7              		.eabi_attribute 24, 1
   8              		.eabi_attribute 25, 1
   9              		.eabi_attribute 26, 1
  10              		.eabi_attribute 30, 1
  11              		.eabi_attribute 34, 1
  12              		.eabi_attribute 18, 4
  13              		.file	"stm32f3xx_hal_msp.c"
  14              		.text
  15              	.Ltext0:
  16              		.cfi_sections	.debug_frame
  17              		.section	.text.HAL_MspInit,"ax",%progbits
  18              		.align	1
  19              		.global	HAL_MspInit
  20              		.arch armv7e-m
  21              		.syntax unified
  22              		.thumb
  23              		.thumb_func
  24              		.fpu fpv4-sp-d16
  26              	HAL_MspInit:
  27              	.LFB126:
  28              		.file 1 "Src/stm32f3xx_hal_msp.c"
   1:Src/stm32f3xx_hal_msp.c **** /* USER CODE BEGIN Header */
   2:Src/stm32f3xx_hal_msp.c **** /**
   3:Src/stm32f3xx_hal_msp.c ****   ******************************************************************************
   4:Src/stm32f3xx_hal_msp.c ****   * File Name          : stm32f3xx_hal_msp.c
   5:Src/stm32f3xx_hal_msp.c ****   * Description        : This file provides code for the MSP Initialization 
   6:Src/stm32f3xx_hal_msp.c ****   *                      and de-Initialization codes.
   7:Src/stm32f3xx_hal_msp.c ****   ******************************************************************************
   8:Src/stm32f3xx_hal_msp.c ****   ** This notice applies to any and all portions of this file
   9:Src/stm32f3xx_hal_msp.c ****   * that are not between comment pairs USER CODE BEGIN and
  10:Src/stm32f3xx_hal_msp.c ****   * USER CODE END. Other portions of this file, whether 
  11:Src/stm32f3xx_hal_msp.c ****   * inserted by the user or by software development tools
  12:Src/stm32f3xx_hal_msp.c ****   * are owned by their respective copyright owners.
  13:Src/stm32f3xx_hal_msp.c ****   *
  14:Src/stm32f3xx_hal_msp.c ****   * COPYRIGHT(c) 2019 STMicroelectronics
  15:Src/stm32f3xx_hal_msp.c ****   *
  16:Src/stm32f3xx_hal_msp.c ****   * Redistribution and use in source and binary forms, with or without modification,
  17:Src/stm32f3xx_hal_msp.c ****   * are permitted provided that the following conditions are met:
  18:Src/stm32f3xx_hal_msp.c ****   *   1. Redistributions of source code must retain the above copyright notice,
  19:Src/stm32f3xx_hal_msp.c ****   *      this list of conditions and the following disclaimer.
  20:Src/stm32f3xx_hal_msp.c ****   *   2. Redistributions in binary form must reproduce the above copyright notice,
  21:Src/stm32f3xx_hal_msp.c ****   *      this list of conditions and the following disclaimer in the documentation
  22:Src/stm32f3xx_hal_msp.c ****   *      and/or other materials provided with the distribution.
  23:Src/stm32f3xx_hal_msp.c ****   *   3. Neither the name of STMicroelectronics nor the names of its contributors
  24:Src/stm32f3xx_hal_msp.c ****   *      may be used to endorse or promote products derived from this software
  25:Src/stm32f3xx_hal_msp.c ****   *      without specific prior written permission.
  26:Src/stm32f3xx_hal_msp.c ****   *
  27:Src/stm32f3xx_hal_msp.c ****   * THIS SOFTWARE IS PROVIDED BY THE COPYRIGHT HOLDERS AND CONTRIBUTORS "AS IS"
  28:Src/stm32f3xx_hal_msp.c ****   * AND ANY EXPRESS OR IMPLIED WARRANTIES, INCLUDING, BUT NOT LIMITED TO, THE
  29:Src/stm32f3xx_hal_msp.c ****   * IMPLIED WARRANTIES OF MERCHANTABILITY AND FITNESS FOR A PARTICULAR PURPOSE ARE
  30:Src/stm32f3xx_hal_msp.c ****   * DISCLAIMED. IN NO EVENT SHALL THE COPYRIGHT HOLDER OR CONTRIBUTORS BE LIABLE
ARM GAS  /tmp/ccPoHkei.s 			page 2


  31:Src/stm32f3xx_hal_msp.c ****   * FOR ANY DIRECT, INDIRECT, INCIDENTAL, SPECIAL, EXEMPLARY, OR CONSEQUENTIAL
  32:Src/stm32f3xx_hal_msp.c ****   * DAMAGES (INCLUDING, BUT NOT LIMITED TO, PROCUREMENT OF SUBSTITUTE GOODS OR
  33:Src/stm32f3xx_hal_msp.c ****   * SERVICES; LOSS OF USE, DATA, OR PROFITS; OR BUSINESS INTERRUPTION) HOWEVER
  34:Src/stm32f3xx_hal_msp.c ****   * CAUSED AND ON ANY THEORY OF LIABILITY, WHETHER IN CONTRACT, STRICT LIABILITY,
  35:Src/stm32f3xx_hal_msp.c ****   * OR TORT (INCLUDING NEGLIGENCE OR OTHERWISE) ARISING IN ANY WAY OUT OF THE USE
  36:Src/stm32f3xx_hal_msp.c ****   * OF THIS SOFTWARE, EVEN IF ADVISED OF THE POSSIBILITY OF SUCH DAMAGE.
  37:Src/stm32f3xx_hal_msp.c ****   *
  38:Src/stm32f3xx_hal_msp.c ****   ******************************************************************************
  39:Src/stm32f3xx_hal_msp.c ****   */
  40:Src/stm32f3xx_hal_msp.c **** /* USER CODE END Header */
  41:Src/stm32f3xx_hal_msp.c **** 
  42:Src/stm32f3xx_hal_msp.c **** /* Includes ------------------------------------------------------------------*/
  43:Src/stm32f3xx_hal_msp.c **** #include "main.h"
  44:Src/stm32f3xx_hal_msp.c **** /* USER CODE BEGIN Includes */
  45:Src/stm32f3xx_hal_msp.c **** 
  46:Src/stm32f3xx_hal_msp.c **** /* USER CODE END Includes */
  47:Src/stm32f3xx_hal_msp.c **** 
  48:Src/stm32f3xx_hal_msp.c **** /* Private typedef -----------------------------------------------------------*/
  49:Src/stm32f3xx_hal_msp.c **** /* USER CODE BEGIN TD */
  50:Src/stm32f3xx_hal_msp.c **** 
  51:Src/stm32f3xx_hal_msp.c **** /* USER CODE END TD */
  52:Src/stm32f3xx_hal_msp.c **** 
  53:Src/stm32f3xx_hal_msp.c **** /* Private define ------------------------------------------------------------*/
  54:Src/stm32f3xx_hal_msp.c **** /* USER CODE BEGIN Define */
  55:Src/stm32f3xx_hal_msp.c ****  
  56:Src/stm32f3xx_hal_msp.c **** /* USER CODE END Define */
  57:Src/stm32f3xx_hal_msp.c **** 
  58:Src/stm32f3xx_hal_msp.c **** /* Private macro -------------------------------------------------------------*/
  59:Src/stm32f3xx_hal_msp.c **** /* USER CODE BEGIN Macro */
  60:Src/stm32f3xx_hal_msp.c **** 
  61:Src/stm32f3xx_hal_msp.c **** /* USER CODE END Macro */
  62:Src/stm32f3xx_hal_msp.c **** 
  63:Src/stm32f3xx_hal_msp.c **** /* Private variables ---------------------------------------------------------*/
  64:Src/stm32f3xx_hal_msp.c **** /* USER CODE BEGIN PV */
  65:Src/stm32f3xx_hal_msp.c **** 
  66:Src/stm32f3xx_hal_msp.c **** /* USER CODE END PV */
  67:Src/stm32f3xx_hal_msp.c **** 
  68:Src/stm32f3xx_hal_msp.c **** /* Private function prototypes -----------------------------------------------*/
  69:Src/stm32f3xx_hal_msp.c **** /* USER CODE BEGIN PFP */
  70:Src/stm32f3xx_hal_msp.c **** 
  71:Src/stm32f3xx_hal_msp.c **** /* USER CODE END PFP */
  72:Src/stm32f3xx_hal_msp.c **** 
  73:Src/stm32f3xx_hal_msp.c **** /* External functions --------------------------------------------------------*/
  74:Src/stm32f3xx_hal_msp.c **** /* USER CODE BEGIN ExternalFunctions */
  75:Src/stm32f3xx_hal_msp.c **** 
  76:Src/stm32f3xx_hal_msp.c **** /* USER CODE END ExternalFunctions */
  77:Src/stm32f3xx_hal_msp.c **** 
  78:Src/stm32f3xx_hal_msp.c **** /* USER CODE BEGIN 0 */
  79:Src/stm32f3xx_hal_msp.c **** 
  80:Src/stm32f3xx_hal_msp.c **** /* USER CODE END 0 */
  81:Src/stm32f3xx_hal_msp.c **** /**
  82:Src/stm32f3xx_hal_msp.c ****   * Initializes the Global MSP.
  83:Src/stm32f3xx_hal_msp.c ****   */
  84:Src/stm32f3xx_hal_msp.c **** void HAL_MspInit(void)
  85:Src/stm32f3xx_hal_msp.c **** {
  29              		.loc 1 85 1 view -0
  30              		.cfi_startproc
ARM GAS  /tmp/ccPoHkei.s 			page 3


  31              		@ args = 0, pretend = 0, frame = 8
  32              		@ frame_needed = 0, uses_anonymous_args = 0
  33 0000 00B5     		push	{lr}
  34              	.LCFI0:
  35              		.cfi_def_cfa_offset 4
  36              		.cfi_offset 14, -4
  37 0002 83B0     		sub	sp, sp, #12
  38              	.LCFI1:
  39              		.cfi_def_cfa_offset 16
  86:Src/stm32f3xx_hal_msp.c ****   /* USER CODE BEGIN MspInit 0 */
  87:Src/stm32f3xx_hal_msp.c **** 
  88:Src/stm32f3xx_hal_msp.c ****   /* USER CODE END MspInit 0 */
  89:Src/stm32f3xx_hal_msp.c **** 
  90:Src/stm32f3xx_hal_msp.c ****   __HAL_RCC_SYSCFG_CLK_ENABLE();
  40              		.loc 1 90 3 view .LVU1
  41              	.LBB2:
  42              		.loc 1 90 3 view .LVU2
  43              		.loc 1 90 3 view .LVU3
  44 0004 1C4B     		ldr	r3, .L3
  45 0006 9A69     		ldr	r2, [r3, #24]
  46 0008 42F00102 		orr	r2, r2, #1
  47 000c 9A61     		str	r2, [r3, #24]
  48              		.loc 1 90 3 view .LVU4
  49 000e 9A69     		ldr	r2, [r3, #24]
  50 0010 02F00102 		and	r2, r2, #1
  51 0014 0092     		str	r2, [sp]
  52              		.loc 1 90 3 view .LVU5
  53 0016 009A     		ldr	r2, [sp]
  54              	.LBE2:
  55              		.loc 1 90 3 view .LVU6
  91:Src/stm32f3xx_hal_msp.c ****   __HAL_RCC_PWR_CLK_ENABLE();
  56              		.loc 1 91 3 view .LVU7
  57              	.LBB3:
  58              		.loc 1 91 3 view .LVU8
  59              		.loc 1 91 3 view .LVU9
  60 0018 DA69     		ldr	r2, [r3, #28]
  61 001a 42F08052 		orr	r2, r2, #268435456
  62 001e DA61     		str	r2, [r3, #28]
  63              		.loc 1 91 3 view .LVU10
  64 0020 DB69     		ldr	r3, [r3, #28]
  65 0022 03F08053 		and	r3, r3, #268435456
  66 0026 0193     		str	r3, [sp, #4]
  67              		.loc 1 91 3 view .LVU11
  68 0028 019B     		ldr	r3, [sp, #4]
  69              	.LBE3:
  70              		.loc 1 91 3 view .LVU12
  92:Src/stm32f3xx_hal_msp.c **** 
  93:Src/stm32f3xx_hal_msp.c ****   /* System interrupt init*/
  94:Src/stm32f3xx_hal_msp.c ****   /* MemoryManagement_IRQn interrupt configuration */
  95:Src/stm32f3xx_hal_msp.c ****   HAL_NVIC_SetPriority(MemoryManagement_IRQn, 1, 0);
  71              		.loc 1 95 3 view .LVU13
  72 002a 0022     		movs	r2, #0
  73 002c 0121     		movs	r1, #1
  74 002e 6FF00B00 		mvn	r0, #11
  75 0032 FFF7FEFF 		bl	HAL_NVIC_SetPriority
  76              	.LVL0:
  96:Src/stm32f3xx_hal_msp.c ****   /* BusFault_IRQn interrupt configuration */
ARM GAS  /tmp/ccPoHkei.s 			page 4


  97:Src/stm32f3xx_hal_msp.c ****   HAL_NVIC_SetPriority(BusFault_IRQn, 1, 0);
  77              		.loc 1 97 3 view .LVU14
  78 0036 0022     		movs	r2, #0
  79 0038 0121     		movs	r1, #1
  80 003a 6FF00A00 		mvn	r0, #10
  81 003e FFF7FEFF 		bl	HAL_NVIC_SetPriority
  82              	.LVL1:
  98:Src/stm32f3xx_hal_msp.c ****   /* UsageFault_IRQn interrupt configuration */
  99:Src/stm32f3xx_hal_msp.c ****   HAL_NVIC_SetPriority(UsageFault_IRQn, 1, 0);
  83              		.loc 1 99 3 view .LVU15
  84 0042 0022     		movs	r2, #0
  85 0044 0121     		movs	r1, #1
  86 0046 6FF00900 		mvn	r0, #9
  87 004a FFF7FEFF 		bl	HAL_NVIC_SetPriority
  88              	.LVL2:
 100:Src/stm32f3xx_hal_msp.c ****   /* SVCall_IRQn interrupt configuration */
 101:Src/stm32f3xx_hal_msp.c ****   HAL_NVIC_SetPriority(SVCall_IRQn, 1, 0);
  89              		.loc 1 101 3 view .LVU16
  90 004e 0022     		movs	r2, #0
  91 0050 0121     		movs	r1, #1
  92 0052 6FF00400 		mvn	r0, #4
  93 0056 FFF7FEFF 		bl	HAL_NVIC_SetPriority
  94              	.LVL3:
 102:Src/stm32f3xx_hal_msp.c ****   /* DebugMonitor_IRQn interrupt configuration */
 103:Src/stm32f3xx_hal_msp.c ****   HAL_NVIC_SetPriority(DebugMonitor_IRQn, 1, 0);
  95              		.loc 1 103 3 view .LVU17
  96 005a 0022     		movs	r2, #0
  97 005c 0121     		movs	r1, #1
  98 005e 6FF00300 		mvn	r0, #3
  99 0062 FFF7FEFF 		bl	HAL_NVIC_SetPriority
 100              	.LVL4:
 104:Src/stm32f3xx_hal_msp.c ****   /* PendSV_IRQn interrupt configuration */
 105:Src/stm32f3xx_hal_msp.c ****   HAL_NVIC_SetPriority(PendSV_IRQn, 1, 0);
 101              		.loc 1 105 3 view .LVU18
 102 0066 0022     		movs	r2, #0
 103 0068 0121     		movs	r1, #1
 104 006a 6FF00100 		mvn	r0, #1
 105 006e FFF7FEFF 		bl	HAL_NVIC_SetPriority
 106              	.LVL5:
 106:Src/stm32f3xx_hal_msp.c **** 
 107:Src/stm32f3xx_hal_msp.c ****   /* USER CODE BEGIN MspInit 1 */
 108:Src/stm32f3xx_hal_msp.c **** 
 109:Src/stm32f3xx_hal_msp.c ****   /* USER CODE END MspInit 1 */
 110:Src/stm32f3xx_hal_msp.c **** }
 107              		.loc 1 110 1 is_stmt 0 view .LVU19
 108 0072 03B0     		add	sp, sp, #12
 109              	.LCFI2:
 110              		.cfi_def_cfa_offset 4
 111              		@ sp needed
 112 0074 5DF804FB 		ldr	pc, [sp], #4
 113              	.L4:
 114              		.align	2
 115              	.L3:
 116 0078 00100240 		.word	1073876992
 117              		.cfi_endproc
 118              	.LFE126:
 120              		.text
ARM GAS  /tmp/ccPoHkei.s 			page 5


 121              	.Letext0:
 122              		.file 2 "/usr/lib/gcc/arm-none-eabi/9.2.1/include/stdint.h"
 123              		.file 3 "Drivers/CMSIS/Include/core_cm4.h"
 124              		.file 4 "Drivers/CMSIS/Device/ST/STM32F3xx/Include/system_stm32f3xx.h"
 125              		.file 5 "Drivers/CMSIS/Device/ST/STM32F3xx/Include/stm32f303xe.h"
 126              		.file 6 "/usr/lib/gcc/arm-none-eabi/9.2.1/include/stddef.h"
 127              		.file 7 "/usr/include/newlib/sys/_types.h"
 128              		.file 8 "/usr/include/newlib/sys/reent.h"
 129              		.file 9 "/usr/include/newlib/sys/lock.h"
 130              		.file 10 "Drivers/STM32F3xx_HAL_Driver/Inc/stm32f3xx_hal_def.h"
 131              		.file 11 "Drivers/STM32F3xx_HAL_Driver/Inc/stm32f3xx_hal_dma.h"
 132              		.file 12 "Drivers/STM32F3xx_HAL_Driver/Inc/stm32f3xx_hal_uart.h"
 133              		.file 13 "Drivers/STM32F3xx_HAL_Driver/Inc/stm32f3xx_hal.h"
 134              		.file 14 "Inc/ibus.h"
 135              		.file 15 "Inc/ibus_stm32.h"
 136              		.file 16 "Inc/tfmini.h"
 137              		.file 17 "Inc/tfmini_stm32.h"
 138              		.file 18 "Inc/failsafe.h"
 139              		.file 19 "Inc/main.h"
 140              		.file 20 "Drivers/STM32F3xx_HAL_Driver/Inc/stm32f3xx_hal_cortex.h"
ARM GAS  /tmp/ccPoHkei.s 			page 6


DEFINED SYMBOLS
                            *ABS*:0000000000000000 stm32f3xx_hal_msp.c
     /tmp/ccPoHkei.s:18     .text.HAL_MspInit:0000000000000000 $t
     /tmp/ccPoHkei.s:26     .text.HAL_MspInit:0000000000000000 HAL_MspInit
     /tmp/ccPoHkei.s:116    .text.HAL_MspInit:0000000000000078 $d

UNDEFINED SYMBOLS
HAL_NVIC_SetPriority
