ARM GAS  /tmp/ccOKyt0t.s 			page 1


   1              		.cpu cortex-m4
   2              		.eabi_attribute 27, 1
   3              		.eabi_attribute 28, 1
   4              		.eabi_attribute 20, 1
   5              		.eabi_attribute 21, 1
   6              		.eabi_attribute 23, 3
   7              		.eabi_attribute 24, 1
   8              		.eabi_attribute 25, 1
   9              		.eabi_attribute 26, 1
  10              		.eabi_attribute 30, 1
  11              		.eabi_attribute 34, 1
  12              		.eabi_attribute 18, 4
  13              		.file	"tfmini.c"
  14              		.text
  15              	.Ltext0:
  16              		.cfi_sections	.debug_frame
  17              		.section	.text.tfmini_init,"ax",%progbits
  18              		.align	1
  19              		.global	tfmini_init
  20              		.syntax unified
  21              		.thumb
  22              		.thumb_func
  23              		.fpu fpv4-sp-d16
  25              	tfmini_init:
  26              	.LFB0:
  27              		.file 1 "Src/tfmini.c"
   1:Src/tfmini.c  **** #include "tfmini.h"
   2:Src/tfmini.c  **** 
   3:Src/tfmini.c  **** void tfmini_init(TfminiState *tm) {
  28              		.loc 1 3 0
  29              		.cfi_startproc
  30              		@ args = 0, pretend = 0, frame = 0
  31              		@ frame_needed = 0, uses_anonymous_args = 0
  32              		@ link register save eliminated.
  33              	.LVL0:
   4:Src/tfmini.c  ****   tm->state = 0;
  34              		.loc 1 4 0
  35 0000 0023     		movs	r3, #0
  36 0002 0370     		strb	r3, [r0]
   5:Src/tfmini.c  ****   tm->dist = 30;
  37              		.loc 1 5 0
  38 0004 1E23     		movs	r3, #30
  39 0006 4380     		strh	r3, [r0, #2]	@ movhi
   6:Src/tfmini.c  ****   tm->strength = 65535;
  40              		.loc 1 6 0
  41 0008 4FF6FF73 		movw	r3, #65535
  42 000c 8380     		strh	r3, [r0, #4]	@ movhi
   7:Src/tfmini.c  **** }
  43              		.loc 1 7 0
  44 000e 7047     		bx	lr
  45              		.cfi_endproc
  46              	.LFE0:
  48              		.section	.text.tfmini_receive,"ax",%progbits
  49              		.align	1
  50              		.global	tfmini_receive
  51              		.syntax unified
  52              		.thumb
ARM GAS  /tmp/ccOKyt0t.s 			page 2


  53              		.thumb_func
  54              		.fpu fpv4-sp-d16
  56              	tfmini_receive:
  57              	.LFB1:
   8:Src/tfmini.c  **** 
   9:Src/tfmini.c  **** void tfmini_receive(TfminiState *tm, uint8_t data) {
  58              		.loc 1 9 0
  59              		.cfi_startproc
  60              		@ args = 0, pretend = 0, frame = 0
  61              		@ frame_needed = 0, uses_anonymous_args = 0
  62              		@ link register save eliminated.
  63              	.LVL1:
  10:Src/tfmini.c  ****   int i;
  11:Src/tfmini.c  ****   uint8_t checksum;
  12:Src/tfmini.c  ****   switch(tm->state) {
  64              		.loc 1 12 0
  65 0000 0378     		ldrb	r3, [r0]	@ zero_extendqisi2
  66 0002 082B     		cmp	r3, #8
  67 0004 08D8     		bhi	.L11
  68 0006 DFE803F0 		tbb	[pc, r3]
  69              	.L5:
  70 000a 05       		.byte	(.L4-.L5)/2
  71 000b 05       		.byte	(.L4-.L5)/2
  72 000c 0B       		.byte	(.L6-.L5)/2
  73 000d 0B       		.byte	(.L6-.L5)/2
  74 000e 0B       		.byte	(.L6-.L5)/2
  75 000f 0B       		.byte	(.L6-.L5)/2
  76 0010 0B       		.byte	(.L6-.L5)/2
  77 0011 0B       		.byte	(.L6-.L5)/2
  78 0012 11       		.byte	(.L7-.L5)/2
  79 0013 00       		.p2align 1
  80              	.L4:
  13:Src/tfmini.c  ****     case 0:
  14:Src/tfmini.c  ****     case 1:
  15:Src/tfmini.c  ****       if(data == 0x59) {
  81              		.loc 1 15 0
  82 0014 5929     		cmp	r1, #89
  83 0016 00D0     		beq	.L13
  84              	.L11:
  85 0018 7047     		bx	lr
  86              	.L13:
  16:Src/tfmini.c  ****         tm->state++;
  87              		.loc 1 16 0
  88 001a 0133     		adds	r3, r3, #1
  89 001c 0370     		strb	r3, [r0]
  90 001e 7047     		bx	lr
  91              	.L6:
  17:Src/tfmini.c  ****       }
  18:Src/tfmini.c  ****       break;
  19:Src/tfmini.c  ****     case 2 ... 7:
  20:Src/tfmini.c  ****       tm->payload[tm->state++ - 2] = data;
  92              		.loc 1 20 0
  93 0020 5A1C     		adds	r2, r3, #1
  94 0022 0270     		strb	r2, [r0]
  95 0024 023B     		subs	r3, r3, #2
  96 0026 1844     		add	r0, r0, r3
  97              	.LVL2:
ARM GAS  /tmp/ccOKyt0t.s 			page 3


  98 0028 0172     		strb	r1, [r0, #8]
  21:Src/tfmini.c  ****       break;
  99              		.loc 1 21 0
 100 002a 7047     		bx	lr
 101              	.LVL3:
 102              	.L7:
   9:Src/tfmini.c  ****   int i;
 103              		.loc 1 9 0
 104 002c 10B4     		push	{r4}
 105              	.LCFI0:
 106              		.cfi_def_cfa_offset 4
 107              		.cfi_offset 4, -4
  22:Src/tfmini.c  ****     case 8:
  23:Src/tfmini.c  ****       tm->state = 0;
 108              		.loc 1 23 0
 109 002e 0023     		movs	r3, #0
 110 0030 0370     		strb	r3, [r0]
 111              	.LVL4:
  24:Src/tfmini.c  ****       checksum = 0x59+0x59;
 112              		.loc 1 24 0
 113 0032 B222     		movs	r2, #178
  25:Src/tfmini.c  ****       for(i = 0; i < 6; i++) {
 114              		.loc 1 25 0
 115 0034 04E0     		b	.L8
 116              	.LVL5:
 117              	.L9:
  26:Src/tfmini.c  ****         checksum += tm->payload[i];
 118              		.loc 1 26 0 discriminator 3
 119 0036 C418     		adds	r4, r0, r3
 120 0038 247A     		ldrb	r4, [r4, #8]	@ zero_extendqisi2
 121 003a 2244     		add	r2, r2, r4
 122              	.LVL6:
 123 003c D2B2     		uxtb	r2, r2
 124              	.LVL7:
  25:Src/tfmini.c  ****       for(i = 0; i < 6; i++) {
 125              		.loc 1 25 0 discriminator 3
 126 003e 0133     		adds	r3, r3, #1
 127              	.LVL8:
 128              	.L8:
  25:Src/tfmini.c  ****       for(i = 0; i < 6; i++) {
 129              		.loc 1 25 0 is_stmt 0 discriminator 1
 130 0040 052B     		cmp	r3, #5
 131 0042 F8DD     		ble	.L9
  27:Src/tfmini.c  ****       }
  28:Src/tfmini.c  ****       if(checksum == data) {
 132              		.loc 1 28 0 is_stmt 1
 133 0044 8A42     		cmp	r2, r1
 134 0046 02D0     		beq	.L14
 135              	.LVL9:
 136              	.L2:
  29:Src/tfmini.c  ****         tm->dist = (uint16_t)tm->payload[0] | ((uint16_t)tm->payload[1] << 8);
  30:Src/tfmini.c  ****         tm->strength = (uint16_t)tm->payload[2] | ((uint16_t)tm->payload[3] << 8);
  31:Src/tfmini.c  ****         tm->reserved = tm->payload[4];
  32:Src/tfmini.c  ****         tm->sigQ = tm->payload[5];
  33:Src/tfmini.c  ****       }
  34:Src/tfmini.c  ****       break;
  35:Src/tfmini.c  ****   }
ARM GAS  /tmp/ccOKyt0t.s 			page 4


  36:Src/tfmini.c  **** }
 137              		.loc 1 36 0
 138 0048 5DF8044B 		ldr	r4, [sp], #4
 139              	.LCFI1:
 140              		.cfi_remember_state
 141              		.cfi_restore 4
 142              		.cfi_def_cfa_offset 0
 143 004c 7047     		bx	lr
 144              	.LVL10:
 145              	.L14:
 146              	.LCFI2:
 147              		.cfi_restore_state
  29:Src/tfmini.c  ****         tm->dist = (uint16_t)tm->payload[0] | ((uint16_t)tm->payload[1] << 8);
 148              		.loc 1 29 0
 149 004e 037A     		ldrb	r3, [r0, #8]	@ zero_extendqisi2
 150              	.LVL11:
 151 0050 427A     		ldrb	r2, [r0, #9]	@ zero_extendqisi2
 152              	.LVL12:
 153 0052 43EA0223 		orr	r3, r3, r2, lsl #8
 154 0056 4380     		strh	r3, [r0, #2]	@ movhi
  30:Src/tfmini.c  ****         tm->reserved = tm->payload[4];
 155              		.loc 1 30 0
 156 0058 837A     		ldrb	r3, [r0, #10]	@ zero_extendqisi2
 157 005a C27A     		ldrb	r2, [r0, #11]	@ zero_extendqisi2
 158 005c 43EA0223 		orr	r3, r3, r2, lsl #8
 159 0060 8380     		strh	r3, [r0, #4]	@ movhi
  31:Src/tfmini.c  ****         tm->sigQ = tm->payload[5];
 160              		.loc 1 31 0
 161 0062 037B     		ldrb	r3, [r0, #12]	@ zero_extendqisi2
 162 0064 8371     		strb	r3, [r0, #6]
  32:Src/tfmini.c  ****       }
 163              		.loc 1 32 0
 164 0066 437B     		ldrb	r3, [r0, #13]	@ zero_extendqisi2
 165 0068 C371     		strb	r3, [r0, #7]
 166              		.loc 1 36 0
 167 006a EDE7     		b	.L2
 168              		.cfi_endproc
 169              	.LFE1:
 171              		.text
 172              	.Letext0:
 173              		.file 2 "/usr/include/newlib/machine/_default_types.h"
 174              		.file 3 "/usr/include/newlib/sys/_stdint.h"
 175              		.file 4 "Inc/tfmini.h"
ARM GAS  /tmp/ccOKyt0t.s 			page 5


DEFINED SYMBOLS
                            *ABS*:0000000000000000 tfmini.c
     /tmp/ccOKyt0t.s:18     .text.tfmini_init:0000000000000000 $t
     /tmp/ccOKyt0t.s:25     .text.tfmini_init:0000000000000000 tfmini_init
     /tmp/ccOKyt0t.s:49     .text.tfmini_receive:0000000000000000 $t
     /tmp/ccOKyt0t.s:56     .text.tfmini_receive:0000000000000000 tfmini_receive
     /tmp/ccOKyt0t.s:70     .text.tfmini_receive:000000000000000a $d
     /tmp/ccOKyt0t.s:79     .text.tfmini_receive:0000000000000013 $d
     /tmp/ccOKyt0t.s:79     .text.tfmini_receive:0000000000000014 $t

NO UNDEFINED SYMBOLS
